{"E:\\Capstone\\koha\\App.js": {"path":"E:\\Capstone\\koha\\App.js","statementMap":{"0":{"start":{"line":28,"column":0},"end":{"line":28,"column":65}},"1":{"start":{"line":29,"column":0},"end":{"line":29,"column":33}},"2":{"start":{"line":30,"column":0},"end":{"line":30,"column":36}},"3":{"start":{"line":31,"column":0},"end":{"line":31,"column":42}},"4":{"start":{"line":32,"column":0},"end":{"line":32,"column":25}},"5":{"start":{"line":34,"column":23},"end":{"line":44,"column":1}},"6":{"start":{"line":47,"column":0},"end":{"line":51,"column":1}},"7":{"start":{"line":48,"column":1},"end":{"line":48,"column":40}},"8":{"start":{"line":50,"column":1},"end":{"line":50,"column":16}},"9":{"start":{"line":53,"column":18},"end":{"line":56,"column":2}},"10":{"start":{"line":54,"column":1},"end":{"line":54,"column":64}},"11":{"start":{"line":55,"column":1},"end":{"line":55,"column":20}},"12":{"start":{"line":59,"column":0},"end":{"line":59,"column":38}},"13":{"start":{"line":62,"column":16},"end":{"line":66,"column":2}},"14":{"start":{"line":62,"column":34},"end":{"line":66,"column":1}},"15":{"start":{"line":68,"column":14},"end":{"line":68,"column":36}},"16":{"start":{"line":70,"column":1},"end":{"line":104,"column":3}}},"fnMap":{"0":{"name":"(anonymous_0)","decl":{"start":{"line":53,"column":53},"end":{"line":53,"column":54}},"loc":{"start":{"line":53,"column":63},"end":{"line":56,"column":1}},"line":53},"1":{"name":"(anonymous_1)","decl":{"start":{"line":62,"column":16},"end":{"line":62,"column":17}},"loc":{"start":{"line":62,"column":34},"end":{"line":66,"column":1}},"line":62},"2":{"name":"App","decl":{"start":{"line":69,"column":24},"end":{"line":69,"column":27}},"loc":{"start":{"line":69,"column":30},"end":{"line":105,"column":1}},"line":69}},"branchMap":{"0":{"loc":{"start":{"line":47,"column":0},"end":{"line":51,"column":1}},"type":"if","locations":[{"start":{"line":47,"column":0},"end":{"line":51,"column":1}},{"start":{"line":47,"column":0},"end":{"line":51,"column":1}}],"line":47},"1":{"loc":{"start":{"line":54,"column":13},"end":{"line":54,"column":62}},"type":"cond-expr","locations":[{"start":{"line":54,"column":20},"end":{"line":54,"column":39}},{"start":{"line":54,"column":42},"end":{"line":54,"column":62}}],"line":54}},"s":{"0":1,"1":1,"2":1,"3":1,"4":1,"5":1,"6":1,"7":1,"8":0,"9":1,"10":1,"11":1,"12":1,"13":1,"14":1,"15":1,"16":1},"f":{"0":1,"1":1,"2":1},"b":{"0":[1,0],"1":[0,1]},"_coverageSchema":"1a1c01bbd47fc00a2c39e90264f33305004495a9","hash":"db4617ba7f31f945678f84fb39054f14b0d1869c"}
,"E:\\Capstone\\koha\\app\\assets\\logo.png": {"path":"E:\\Capstone\\koha\\app\\assets\\logo.png","statementMap":{"0":{"start":{"line":1,"column":0},"end":{"line":1,"column":19}}},"fnMap":{},"branchMap":{},"s":{"0":4},"f":{},"b":{},"inputSourceMap":null,"_coverageSchema":"1a1c01bbd47fc00a2c39e90264f33305004495a9","hash":"096a0eecde536dbc58a8e00a39232e6ddf7b752d"}
,"E:\\Capstone\\koha\\app\\assets\\fonts\\VolteRounded-Bold.ttf": {"path":"E:\\Capstone\\koha\\app\\assets\\fonts\\VolteRounded-Bold.ttf","statementMap":{"0":{"start":{"line":1,"column":0},"end":{"line":1,"column":19}}},"fnMap":{},"branchMap":{},"s":{"0":1},"f":{},"b":{},"inputSourceMap":null,"_coverageSchema":"1a1c01bbd47fc00a2c39e90264f33305004495a9","hash":"1e78993129a5f9fdc9f10ade34b4565f99794b39"}
,"E:\\Capstone\\koha\\app\\config\\api.js": {"path":"E:\\Capstone\\koha\\app\\config\\api.js","statementMap":{},"fnMap":{},"branchMap":{},"s":{},"f":{},"b":{},"_coverageSchema":"1a1c01bbd47fc00a2c39e90264f33305004495a9","hash":"3fff380eddb329033b5c0a58aa6335c3eb86c7fb"}
,"E:\\Capstone\\koha\\app\\config\\colours.js": {"path":"E:\\Capstone\\koha\\app\\config\\colours.js","statementMap":{},"fnMap":{},"branchMap":{},"s":{},"f":{},"b":{},"_coverageSchema":"1a1c01bbd47fc00a2c39e90264f33305004495a9","hash":"11c1423f25fcd28956feffdcaed53e61f1d50437"}
,"E:\\Capstone\\koha\\app\\config\\gui.js": {"path":"E:\\Capstone\\koha\\app\\config\\gui.js","statementMap":{"0":{"start":{"line":5,"column":24},"end":{"line":5,"column":48}}},"fnMap":{},"branchMap":{},"s":{"0":20},"f":{},"b":{},"_coverageSchema":"1a1c01bbd47fc00a2c39e90264f33305004495a9","hash":"801687d6bd73af1e88ef6be953c6f97d128b7797"}
,"E:\\Capstone\\koha\\app\\config\\roles.js": {"path":"E:\\Capstone\\koha\\app\\config\\roles.js","statementMap":{},"fnMap":{},"branchMap":{},"s":{},"f":{},"b":{},"_coverageSchema":"1a1c01bbd47fc00a2c39e90264f33305004495a9","hash":"d27ae840779189d140a192a611af46f1df8e3ea4"}
,"E:\\Capstone\\koha\\app\\config\\styles.js": {"path":"E:\\Capstone\\koha\\app\\config\\styles.js","statementMap":{"0":{"start":{"line":6,"column":1},"end":{"line":216,"column":4}}},"fnMap":{"0":{"name":"FormStyle","decl":{"start":{"line":5,"column":16},"end":{"line":5,"column":25}},"loc":{"start":{"line":5,"column":28},"end":{"line":217,"column":1}},"line":5}},"branchMap":{"0":{"loc":{"start":{"line":16,"column":24},"end":{"line":16,"column":54}},"type":"cond-expr","locations":[{"start":{"line":16,"column":48},"end":{"line":16,"column":50}},{"start":{"line":16,"column":53},"end":{"line":16,"column":54}}],"line":16}},"s":{"0":13},"f":{"0":13},"b":{"0":[13,0]},"_coverageSchema":"1a1c01bbd47fc00a2c39e90264f33305004495a9","hash":"3236439e16233dad6e7209bc19ce11c2c94622d4"}
,"E:\\Capstone\\koha\\app\\config\\useFonts.js": {"path":"E:\\Capstone\\koha\\app\\config\\useFonts.js","statementMap":{"0":{"start":{"line":5,"column":1},"end":{"line":7,"column":4}}},"fnMap":{"0":{"name":"(anonymous_0)","decl":{"start":{"line":4,"column":26},"end":{"line":4,"column":27}},"loc":{"start":{"line":4,"column":38},"end":{"line":8,"column":1}},"line":4}},"branchMap":{},"s":{"0":1},"f":{"0":1},"b":{},"_coverageSchema":"1a1c01bbd47fc00a2c39e90264f33305004495a9","hash":"aa6465458497c85a0c7bf55311a34a4b6786eb24"}
,"E:\\Capstone\\koha\\app\\screens\\CreateAccount.js": {"path":"E:\\Capstone\\koha\\app\\screens\\CreateAccount.js","statementMap":{"0":{"start":{"line":25,"column":18},"end":{"line":25,"column":49}},"1":{"start":{"line":26,"column":25},"end":{"line":26,"column":37}},"2":{"start":{"line":27,"column":23},"end":{"line":27,"column":56}},"3":{"start":{"line":28,"column":27},"end":{"line":28,"column":49}},"4":{"start":{"line":29,"column":33},"end":{"line":29,"column":45}},"5":{"start":{"line":30,"column":31},"end":{"line":30,"column":43}},"6":{"start":{"line":31,"column":33},"end":{"line":31,"column":48}},"7":{"start":{"line":32,"column":35},"end":{"line":32,"column":50}},"8":{"start":{"line":33,"column":41},"end":{"line":33,"column":56}},"9":{"start":{"line":34,"column":35},"end":{"line":34,"column":50}},"10":{"start":{"line":35,"column":31},"end":{"line":35,"column":46}},"11":{"start":{"line":37,"column":19},"end":{"line":39,"column":2}},"12":{"start":{"line":38,"column":2},"end":{"line":38,"column":19}},"13":{"start":{"line":42,"column":2},"end":{"line":44,"column":3}},"14":{"start":{"line":43,"column":3},"end":{"line":43,"column":24}},"15":{"start":{"line":45,"column":14},"end":{"line":45,"column":31}},"16":{"start":{"line":46,"column":13},"end":{"line":46,"column":38}},"17":{"start":{"line":47,"column":2},"end":{"line":55,"column":4}},"18":{"start":{"line":59,"column":2},"end":{"line":59,"column":21}},"19":{"start":{"line":60,"column":2},"end":{"line":60,"column":15}},"20":{"start":{"line":70,"column":2},"end":{"line":100,"column":3}},"21":{"start":{"line":72,"column":4},"end":{"line":72,"column":48}},"22":{"start":{"line":73,"column":4},"end":{"line":73,"column":26}},"23":{"start":{"line":74,"column":4},"end":{"line":74,"column":17}},"24":{"start":{"line":77,"column":4},"end":{"line":77,"column":52}},"25":{"start":{"line":78,"column":4},"end":{"line":78,"column":26}},"26":{"start":{"line":79,"column":4},"end":{"line":79,"column":17}},"27":{"start":{"line":82,"column":4},"end":{"line":82,"column":44}},"28":{"start":{"line":83,"column":4},"end":{"line":83,"column":26}},"29":{"start":{"line":84,"column":4},"end":{"line":84,"column":17}},"30":{"start":{"line":87,"column":4},"end":{"line":87,"column":44}},"31":{"start":{"line":88,"column":4},"end":{"line":88,"column":26}},"32":{"start":{"line":89,"column":4},"end":{"line":89,"column":17}},"33":{"start":{"line":92,"column":4},"end":{"line":92,"column":53}},"34":{"start":{"line":93,"column":4},"end":{"line":93,"column":26}},"35":{"start":{"line":94,"column":4},"end":{"line":94,"column":17}},"36":{"start":{"line":97,"column":4},"end":{"line":97,"column":48}},"37":{"start":{"line":98,"column":4},"end":{"line":98,"column":26}},"38":{"start":{"line":99,"column":4},"end":{"line":99,"column":17}},"39":{"start":{"line":101,"column":2},"end":{"line":101,"column":21}},"40":{"start":{"line":103,"column":2},"end":{"line":157,"column":6}},"41":{"start":{"line":107,"column":15},"end":{"line":107,"column":34}},"42":{"start":{"line":108,"column":4},"end":{"line":108,"column":65}},"43":{"start":{"line":111,"column":13},"end":{"line":111,"column":33}},"44":{"start":{"line":112,"column":4},"end":{"line":131,"column":8}},"45":{"start":{"line":125,"column":6},"end":{"line":127,"column":8}},"46":{"start":{"line":130,"column":6},"end":{"line":130,"column":55}},"47":{"start":{"line":133,"column":4},"end":{"line":139,"column":8}},"48":{"start":{"line":138,"column":6},"end":{"line":138,"column":55}},"49":{"start":{"line":142,"column":4},"end":{"line":146,"column":7}},"50":{"start":{"line":143,"column":5},"end":{"line":143,"column":52}},"51":{"start":{"line":144,"column":5},"end":{"line":144,"column":33}},"52":{"start":{"line":145,"column":5},"end":{"line":145,"column":27}},"53":{"start":{"line":149,"column":4},"end":{"line":149,"column":39}},"54":{"start":{"line":152,"column":4},"end":{"line":152,"column":51}},"55":{"start":{"line":153,"column":4},"end":{"line":153,"column":32}},"56":{"start":{"line":154,"column":4},"end":{"line":154,"column":26}},"57":{"start":{"line":155,"column":4},"end":{"line":155,"column":24}},"58":{"start":{"line":156,"column":4},"end":{"line":156,"column":17}},"59":{"start":{"line":158,"column":2},"end":{"line":158,"column":14}},"60":{"start":{"line":164,"column":1},"end":{"line":172,"column":2}},"61":{"start":{"line":165,"column":2},"end":{"line":171,"column":4}},"62":{"start":{"line":168,"column":20},"end":{"line":168,"column":36}},"63":{"start":{"line":173,"column":1},"end":{"line":297,"column":3}},"64":{"start":{"line":181,"column":5},"end":{"line":181,"column":28}},"65":{"start":{"line":192,"column":8},"end":{"line":192,"column":31}},"66":{"start":{"line":209,"column":6},"end":{"line":209,"column":66}},"67":{"start":{"line":221,"column":25},"end":{"line":221,"column":50}},"68":{"start":{"line":229,"column":23},"end":{"line":229,"column":40}},"69":{"start":{"line":239,"column":21},"end":{"line":239,"column":44}},"70":{"start":{"line":251,"column":7},"end":{"line":251,"column":60}},"71":{"start":{"line":257,"column":30},"end":{"line":257,"column":45}},"72":{"start":{"line":267,"column":33},"end":{"line":267,"column":54}},"73":{"start":{"line":275,"column":32},"end":{"line":275,"column":51}},"74":{"start":{"line":287,"column":21},"end":{"line":287,"column":68}},"75":{"start":{"line":300,"column":15},"end":{"line":443,"column":2}}},"fnMap":{"0":{"name":"CreateAccount","decl":{"start":{"line":24,"column":9},"end":{"line":24,"column":22}},"loc":{"start":{"line":24,"column":39},"end":{"line":298,"column":1}},"line":24},"1":{"name":"(anonymous_1)","decl":{"start":{"line":37,"column":19},"end":{"line":37,"column":20}},"loc":{"start":{"line":37,"column":31},"end":{"line":39,"column":2}},"line":37},"2":{"name":"ConvertDate","decl":{"start":{"line":41,"column":10},"end":{"line":41,"column":21}},"loc":{"start":{"line":41,"column":31},"end":{"line":56,"column":2}},"line":41},"3":{"name":"setDate","decl":{"start":{"line":58,"column":10},"end":{"line":58,"column":17}},"loc":{"start":{"line":58,"column":24},"end":{"line":61,"column":2}},"line":58},"4":{"name":"SubmitData","decl":{"start":{"line":63,"column":10},"end":{"line":63,"column":20}},"loc":{"start":{"line":69,"column":3},"end":{"line":159,"column":2}},"line":69},"5":{"name":"(anonymous_5)","decl":{"start":{"line":106,"column":9},"end":{"line":106,"column":10}},"loc":{"start":{"line":106,"column":29},"end":{"line":150,"column":4}},"line":106},"6":{"name":"(anonymous_6)","decl":{"start":{"line":124,"column":11},"end":{"line":124,"column":12}},"loc":{"start":{"line":124,"column":17},"end":{"line":128,"column":6}},"line":124},"7":{"name":"(anonymous_7)","decl":{"start":{"line":129,"column":12},"end":{"line":129,"column":13}},"loc":{"start":{"line":129,"column":23},"end":{"line":131,"column":6}},"line":129},"8":{"name":"(anonymous_8)","decl":{"start":{"line":137,"column":12},"end":{"line":137,"column":13}},"loc":{"start":{"line":137,"column":23},"end":{"line":139,"column":6}},"line":137},"9":{"name":"(anonymous_9)","decl":{"start":{"line":142,"column":39},"end":{"line":142,"column":40}},"loc":{"start":{"line":142,"column":50},"end":{"line":146,"column":5}},"line":142},"10":{"name":"(anonymous_10)","decl":{"start":{"line":151,"column":10},"end":{"line":151,"column":11}},"loc":{"start":{"line":151,"column":21},"end":{"line":157,"column":4}},"line":151},"11":{"name":"(anonymous_11)","decl":{"start":{"line":168,"column":14},"end":{"line":168,"column":15}},"loc":{"start":{"line":168,"column":20},"end":{"line":168,"column":36}},"line":168},"12":{"name":"(anonymous_12)","decl":{"start":{"line":169,"column":13},"end":{"line":169,"column":14}},"loc":{"start":{"line":169,"column":19},"end":{"line":169,"column":21}},"line":169},"13":{"name":"(anonymous_13)","decl":{"start":{"line":180,"column":20},"end":{"line":180,"column":21}},"loc":{"start":{"line":180,"column":26},"end":{"line":182,"column":5}},"line":180},"14":{"name":"(anonymous_14)","decl":{"start":{"line":191,"column":16},"end":{"line":191,"column":17}},"loc":{"start":{"line":191,"column":22},"end":{"line":193,"column":8}},"line":191},"15":{"name":"(anonymous_15)","decl":{"start":{"line":208,"column":19},"end":{"line":208,"column":20}},"loc":{"start":{"line":209,"column":6},"end":{"line":209,"column":66}},"line":209},"16":{"name":"(anonymous_16)","decl":{"start":{"line":221,"column":16},"end":{"line":221,"column":17}},"loc":{"start":{"line":221,"column":25},"end":{"line":221,"column":50}},"line":221},"17":{"name":"(anonymous_17)","decl":{"start":{"line":229,"column":17},"end":{"line":229,"column":18}},"loc":{"start":{"line":229,"column":23},"end":{"line":229,"column":40}},"line":229},"18":{"name":"(anonymous_18)","decl":{"start":{"line":239,"column":15},"end":{"line":239,"column":16}},"loc":{"start":{"line":239,"column":21},"end":{"line":239,"column":44}},"line":239},"19":{"name":"(anonymous_19)","decl":{"start":{"line":250,"column":16},"end":{"line":250,"column":17}},"loc":{"start":{"line":251,"column":7},"end":{"line":251,"column":60}},"line":251},"20":{"name":"(anonymous_20)","decl":{"start":{"line":257,"column":19},"end":{"line":257,"column":20}},"loc":{"start":{"line":257,"column":30},"end":{"line":257,"column":45}},"line":257},"21":{"name":"(anonymous_21)","decl":{"start":{"line":267,"column":19},"end":{"line":267,"column":20}},"loc":{"start":{"line":267,"column":33},"end":{"line":267,"column":54}},"line":267},"22":{"name":"(anonymous_22)","decl":{"start":{"line":275,"column":19},"end":{"line":275,"column":20}},"loc":{"start":{"line":275,"column":32},"end":{"line":275,"column":51}},"line":275},"23":{"name":"(anonymous_23)","decl":{"start":{"line":287,"column":15},"end":{"line":287,"column":16}},"loc":{"start":{"line":287,"column":21},"end":{"line":287,"column":68}},"line":287}},"branchMap":{"0":{"loc":{"start":{"line":42,"column":2},"end":{"line":44,"column":3}},"type":"if","locations":[{"start":{"line":42,"column":2},"end":{"line":44,"column":3}},{"start":{"line":42,"column":2},"end":{"line":44,"column":3}}],"line":42},"1":{"loc":{"start":{"line":48,"column":4},"end":{"line":48,"column":63}},"type":"cond-expr","locations":[{"start":{"line":48,"column":26},"end":{"line":48,"column":46}},{"start":{"line":48,"column":49},"end":{"line":48,"column":63}}],"line":48},"2":{"loc":{"start":{"line":50,"column":4},"end":{"line":52,"column":25}},"type":"cond-expr","locations":[{"start":{"line":51,"column":6},"end":{"line":51,"column":33}},{"start":{"line":52,"column":6},"end":{"line":52,"column":25}}],"line":50},"3":{"loc":{"start":{"line":64,"column":2},"end":{"line":64,"column":11}},"type":"default-arg","locations":[{"start":{"line":64,"column":9},"end":{"line":64,"column":11}}],"line":64},"4":{"loc":{"start":{"line":65,"column":2},"end":{"line":65,"column":9}},"type":"default-arg","locations":[{"start":{"line":65,"column":8},"end":{"line":65,"column":9}}],"line":65},"5":{"loc":{"start":{"line":66,"column":2},"end":{"line":66,"column":12}},"type":"default-arg","locations":[{"start":{"line":66,"column":10},"end":{"line":66,"column":12}}],"line":66},"6":{"loc":{"start":{"line":67,"column":2},"end":{"line":67,"column":15}},"type":"default-arg","locations":[{"start":{"line":67,"column":13},"end":{"line":67,"column":15}}],"line":67},"7":{"loc":{"start":{"line":68,"column":2},"end":{"line":68,"column":14}},"type":"default-arg","locations":[{"start":{"line":68,"column":12},"end":{"line":68,"column":14}}],"line":68},"8":{"loc":{"start":{"line":70,"column":2},"end":{"line":100,"column":3}},"type":"switch","locations":[{"start":{"line":71,"column":3},"end":{"line":74,"column":17}},{"start":{"line":76,"column":3},"end":{"line":79,"column":17}},{"start":{"line":81,"column":3},"end":{"line":84,"column":17}},{"start":{"line":86,"column":3},"end":{"line":89,"column":17}},{"start":{"line":91,"column":3},"end":{"line":94,"column":17}},{"start":{"line":96,"column":3},"end":{"line":99,"column":17}}],"line":70},"9":{"loc":{"start":{"line":164,"column":1},"end":{"line":172,"column":2}},"type":"if","locations":[{"start":{"line":164,"column":1},"end":{"line":172,"column":2}},{"start":{"line":164,"column":1},"end":{"line":172,"column":2}}],"line":164},"10":{"loc":{"start":{"line":201,"column":17},"end":{"line":201,"column":63}},"type":"cond-expr","locations":[{"start":{"line":201,"column":23},"end":{"line":201,"column":43}},{"start":{"line":201,"column":46},"end":{"line":201,"column":63}}],"line":201},"11":{"loc":{"start":{"line":218,"column":5},"end":{"line":235,"column":5}},"type":"binary-expr","locations":[{"start":{"line":218,"column":5},"end":{"line":218,"column":8}},{"start":{"line":219,"column":5},"end":{"line":234,"column":7}}],"line":218},"12":{"loc":{"start":{"line":236,"column":5},"end":{"line":243,"column":5}},"type":"binary-expr","locations":[{"start":{"line":236,"column":5},"end":{"line":236,"column":9}},{"start":{"line":237,"column":5},"end":{"line":242,"column":24}}],"line":236},"13":{"loc":{"start":{"line":244,"column":5},"end":{"line":254,"column":5}},"type":"binary-expr","locations":[{"start":{"line":244,"column":5},"end":{"line":244,"column":15}},{"start":{"line":244,"column":19},"end":{"line":244,"column":23}},{"start":{"line":244,"column":27},"end":{"line":244,"column":35}},{"start":{"line":245,"column":5},"end":{"line":253,"column":7}}],"line":244},"14":{"loc":{"start":{"line":284,"column":5},"end":{"line":291,"column":5}},"type":"binary-expr","locations":[{"start":{"line":284,"column":5},"end":{"line":284,"column":15}},{"start":{"line":285,"column":5},"end":{"line":290,"column":24}}],"line":284},"15":{"loc":{"start":{"line":292,"column":5},"end":{"line":294,"column":5}},"type":"binary-expr","locations":[{"start":{"line":292,"column":5},"end":{"line":292,"column":14}},{"start":{"line":293,"column":5},"end":{"line":293,"column":73}}],"line":292}},"s":{"0":2,"1":2,"2":2,"3":2,"4":2,"5":2,"6":2,"7":2,"8":2,"9":2,"10":2,"11":2,"12":1,"13":2,"14":0,"15":2,"16":2,"17":2,"18":0,"19":0,"20":0,"21":0,"22":0,"23":0,"24":0,"25":0,"26":0,"27":0,"28":0,"29":0,"30":0,"31":0,"32":0,"33":0,"34":0,"35":0,"36":0,"37":0,"38":0,"39":0,"40":0,"41":0,"42":0,"43":0,"44":0,"45":0,"46":0,"47":0,"48":0,"49":0,"50":0,"51":0,"52":0,"53":0,"54":0,"55":0,"56":0,"57":0,"58":0,"59":0,"60":2,"61":1,"62":1,"63":1,"64":0,"65":0,"66":0,"67":0,"68":0,"69":0,"70":0,"71":0,"72":0,"73":0,"74":0,"75":2},"f":{"0":2,"1":1,"2":2,"3":0,"4":0,"5":0,"6":0,"7":0,"8":0,"9":0,"10":0,"11":1,"12":1,"13":0,"14":0,"15":0,"16":0,"17":0,"18":0,"19":0,"20":0,"21":0,"22":0,"23":0},"b":{"0":[0,2],"1":[0,2],"2":[0,2],"3":[0],"4":[0],"5":[0],"6":[0],"7":[0],"8":[0,0,0,0,0,0],"9":[1,1],"10":[0,1],"11":[1,0],"12":[1,1],"13":[1,1,1,0],"14":[1,1],"15":[1,0]},"_coverageSchema":"1a1c01bbd47fc00a2c39e90264f33305004495a9","hash":"1be05246ecef74299b805e8c0c3c36b63319fd81"}
,"E:\\Capstone\\koha\\app\\screens\\EditListingScreen.js": {"path":"E:\\Capstone\\koha\\app\\screens\\EditListingScreen.js","statementMap":{"0":{"start":{"line":25,"column":23},"end":{"line":25,"column":54}},"1":{"start":{"line":26,"column":35},"end":{"line":26,"column":113}},"2":{"start":{"line":27,"column":31},"end":{"line":27,"column":94}},"3":{"start":{"line":28,"column":31},"end":{"line":28,"column":45}},"4":{"start":{"line":29,"column":25},"end":{"line":29,"column":37}},"5":{"start":{"line":31,"column":33},"end":{"line":31,"column":48}},"6":{"start":{"line":32,"column":49},"end":{"line":32,"column":64}},"7":{"start":{"line":33,"column":49},"end":{"line":33,"column":64}},"8":{"start":{"line":34,"column":53},"end":{"line":34,"column":68}},"9":{"start":{"line":35,"column":51},"end":{"line":35,"column":66}},"10":{"start":{"line":37,"column":46},"end":{"line":37,"column":61}},"11":{"start":{"line":38,"column":41},"end":{"line":38,"column":56}},"12":{"start":{"line":39,"column":35},"end":{"line":39,"column":50}},"13":{"start":{"line":40,"column":43},"end":{"line":40,"column":58}},"14":{"start":{"line":43,"column":41},"end":{"line":43,"column":55}},"15":{"start":{"line":44,"column":57},"end":{"line":44,"column":71}},"16":{"start":{"line":45,"column":39},"end":{"line":45,"column":53}},"17":{"start":{"line":46,"column":33},"end":{"line":46,"column":71}},"18":{"start":{"line":47,"column":49},"end":{"line":47,"column":63}},"19":{"start":{"line":48,"column":33},"end":{"line":48,"column":47}},"20":{"start":{"line":49,"column":33},"end":{"line":49,"column":47}},"21":{"start":{"line":50,"column":37},"end":{"line":50,"column":70}},"22":{"start":{"line":51,"column":35},"end":{"line":51,"column":68}},"23":{"start":{"line":54,"column":33},"end":{"line":54,"column":47}},"24":{"start":{"line":55,"column":49},"end":{"line":55,"column":63}},"25":{"start":{"line":56,"column":43},"end":{"line":56,"column":57}},"26":{"start":{"line":59,"column":35},"end":{"line":59,"column":49}},"27":{"start":{"line":62,"column":33},"end":{"line":62,"column":47}},"28":{"start":{"line":64,"column":41},"end":{"line":72,"column":3}},"29":{"start":{"line":74,"column":49},"end":{"line":80,"column":3}},"30":{"start":{"line":82,"column":47},"end":{"line":85,"column":3}},"31":{"start":{"line":87,"column":43},"end":{"line":94,"column":3}},"32":{"start":{"line":96,"column":51},"end":{"line":99,"column":3}},"33":{"start":{"line":101,"column":47},"end":{"line":108,"column":3}},"34":{"start":{"line":111,"column":2},"end":{"line":111,"column":27}},"35":{"start":{"line":112,"column":2},"end":{"line":112,"column":29}},"36":{"start":{"line":113,"column":2},"end":{"line":113,"column":31}},"37":{"start":{"line":114,"column":2},"end":{"line":114,"column":30}},"38":{"start":{"line":115,"column":2},"end":{"line":115,"column":31}},"39":{"start":{"line":118,"column":2},"end":{"line":118,"column":29}},"40":{"start":{"line":119,"column":2},"end":{"line":119,"column":27}},"41":{"start":{"line":120,"column":2},"end":{"line":120,"column":31}},"42":{"start":{"line":121,"column":2},"end":{"line":121,"column":30}},"43":{"start":{"line":122,"column":2},"end":{"line":122,"column":31}},"44":{"start":{"line":125,"column":2},"end":{"line":125,"column":29}},"45":{"start":{"line":126,"column":2},"end":{"line":126,"column":29}},"46":{"start":{"line":127,"column":2},"end":{"line":127,"column":29}},"47":{"start":{"line":128,"column":2},"end":{"line":128,"column":30}},"48":{"start":{"line":131,"column":2},"end":{"line":131,"column":29}},"49":{"start":{"line":132,"column":2},"end":{"line":132,"column":29}},"50":{"start":{"line":133,"column":2},"end":{"line":133,"column":31}},"51":{"start":{"line":134,"column":2},"end":{"line":134,"column":28}},"52":{"start":{"line":138,"column":2},"end":{"line":140,"column":3}},"53":{"start":{"line":139,"column":3},"end":{"line":139,"column":24}},"54":{"start":{"line":141,"column":14},"end":{"line":141,"column":31}},"55":{"start":{"line":142,"column":13},"end":{"line":142,"column":38}},"56":{"start":{"line":143,"column":2},"end":{"line":151,"column":4}},"57":{"start":{"line":155,"column":13},"end":{"line":155,"column":33}},"58":{"start":{"line":158,"column":2},"end":{"line":173,"column":6}},"59":{"start":{"line":165,"column":4},"end":{"line":165,"column":50}},"60":{"start":{"line":166,"column":4},"end":{"line":166,"column":26}},"61":{"start":{"line":167,"column":4},"end":{"line":167,"column":27}},"62":{"start":{"line":170,"column":4},"end":{"line":170,"column":25}},"63":{"start":{"line":171,"column":4},"end":{"line":171,"column":32}},"64":{"start":{"line":172,"column":4},"end":{"line":172,"column":26}},"65":{"start":{"line":176,"column":19},"end":{"line":241,"column":5}},"66":{"start":{"line":180,"column":4},"end":{"line":180,"column":17}},"67":{"start":{"line":181,"column":27},"end":{"line":181,"column":29}},"68":{"start":{"line":182,"column":24},"end":{"line":182,"column":26}},"69":{"start":{"line":184,"column":4},"end":{"line":187,"column":7}},"70":{"start":{"line":185,"column":5},"end":{"line":185,"column":57}},"71":{"start":{"line":186,"column":5},"end":{"line":186,"column":68}},"72":{"start":{"line":189,"column":4},"end":{"line":189,"column":32}},"73":{"start":{"line":190,"column":4},"end":{"line":190,"column":39}},"74":{"start":{"line":192,"column":4},"end":{"line":224,"column":7}},"75":{"start":{"line":193,"column":5},"end":{"line":193,"column":21}},"76":{"start":{"line":195,"column":5},"end":{"line":205,"column":9}},"77":{"start":{"line":201,"column":7},"end":{"line":201,"column":54}},"78":{"start":{"line":204,"column":7},"end":{"line":204,"column":28}},"79":{"start":{"line":208,"column":5},"end":{"line":223,"column":9}},"80":{"start":{"line":219,"column":7},"end":{"line":219,"column":53}},"81":{"start":{"line":222,"column":7},"end":{"line":222,"column":28}},"82":{"start":{"line":227,"column":4},"end":{"line":240,"column":7}},"83":{"start":{"line":228,"column":5},"end":{"line":228,"column":24}},"84":{"start":{"line":230,"column":5},"end":{"line":239,"column":6}},"85":{"start":{"line":231,"column":6},"end":{"line":237,"column":8}},"86":{"start":{"line":238,"column":6},"end":{"line":238,"column":39}},"87":{"start":{"line":245,"column":13},"end":{"line":245,"column":33}},"88":{"start":{"line":247,"column":2},"end":{"line":480,"column":3}},"89":{"start":{"line":249,"column":4},"end":{"line":279,"column":5}},"90":{"start":{"line":251,"column":6},"end":{"line":251,"column":60}},"91":{"start":{"line":252,"column":6},"end":{"line":252,"column":28}},"92":{"start":{"line":253,"column":6},"end":{"line":253,"column":19}},"93":{"start":{"line":256,"column":6},"end":{"line":256,"column":66}},"94":{"start":{"line":257,"column":6},"end":{"line":257,"column":28}},"95":{"start":{"line":258,"column":6},"end":{"line":258,"column":19}},"96":{"start":{"line":261,"column":6},"end":{"line":261,"column":63}},"97":{"start":{"line":262,"column":6},"end":{"line":262,"column":28}},"98":{"start":{"line":263,"column":6},"end":{"line":263,"column":19}},"99":{"start":{"line":266,"column":6},"end":{"line":266,"column":63}},"100":{"start":{"line":267,"column":6},"end":{"line":267,"column":28}},"101":{"start":{"line":268,"column":6},"end":{"line":268,"column":19}},"102":{"start":{"line":271,"column":6},"end":{"line":271,"column":67}},"103":{"start":{"line":272,"column":6},"end":{"line":272,"column":28}},"104":{"start":{"line":273,"column":6},"end":{"line":273,"column":19}},"105":{"start":{"line":276,"column":6},"end":{"line":276,"column":72}},"106":{"start":{"line":277,"column":6},"end":{"line":277,"column":28}},"107":{"start":{"line":278,"column":6},"end":{"line":278,"column":19}},"108":{"start":{"line":281,"column":4},"end":{"line":305,"column":8}},"109":{"start":{"line":297,"column":6},"end":{"line":297,"column":52}},"110":{"start":{"line":298,"column":6},"end":{"line":298,"column":28}},"111":{"start":{"line":299,"column":6},"end":{"line":299,"column":29}},"112":{"start":{"line":302,"column":6},"end":{"line":302,"column":27}},"113":{"start":{"line":303,"column":6},"end":{"line":303,"column":34}},"114":{"start":{"line":304,"column":6},"end":{"line":304,"column":28}},"115":{"start":{"line":306,"column":4},"end":{"line":306,"column":10}},"116":{"start":{"line":309,"column":4},"end":{"line":345,"column":5}},"117":{"start":{"line":311,"column":6},"end":{"line":311,"column":60}},"118":{"start":{"line":312,"column":6},"end":{"line":312,"column":28}},"119":{"start":{"line":313,"column":6},"end":{"line":313,"column":19}},"120":{"start":{"line":316,"column":6},"end":{"line":316,"column":66}},"121":{"start":{"line":317,"column":6},"end":{"line":317,"column":28}},"122":{"start":{"line":318,"column":6},"end":{"line":318,"column":19}},"123":{"start":{"line":321,"column":6},"end":{"line":321,"column":63}},"124":{"start":{"line":322,"column":6},"end":{"line":322,"column":28}},"125":{"start":{"line":323,"column":6},"end":{"line":323,"column":19}},"126":{"start":{"line":326,"column":6},"end":{"line":326,"column":63}},"127":{"start":{"line":327,"column":6},"end":{"line":327,"column":28}},"128":{"start":{"line":328,"column":6},"end":{"line":328,"column":19}},"129":{"start":{"line":332,"column":6},"end":{"line":332,"column":63}},"130":{"start":{"line":333,"column":6},"end":{"line":333,"column":28}},"131":{"start":{"line":334,"column":6},"end":{"line":334,"column":19}},"132":{"start":{"line":337,"column":6},"end":{"line":337,"column":70}},"133":{"start":{"line":338,"column":6},"end":{"line":338,"column":28}},"134":{"start":{"line":339,"column":6},"end":{"line":339,"column":19}},"135":{"start":{"line":342,"column":6},"end":{"line":342,"column":72}},"136":{"start":{"line":343,"column":6},"end":{"line":343,"column":28}},"137":{"start":{"line":344,"column":6},"end":{"line":344,"column":19}},"138":{"start":{"line":347,"column":4},"end":{"line":371,"column":8}},"139":{"start":{"line":363,"column":6},"end":{"line":363,"column":52}},"140":{"start":{"line":364,"column":6},"end":{"line":364,"column":28}},"141":{"start":{"line":365,"column":6},"end":{"line":365,"column":29}},"142":{"start":{"line":368,"column":6},"end":{"line":368,"column":27}},"143":{"start":{"line":369,"column":6},"end":{"line":369,"column":34}},"144":{"start":{"line":370,"column":6},"end":{"line":370,"column":28}},"145":{"start":{"line":372,"column":4},"end":{"line":372,"column":10}},"146":{"start":{"line":375,"column":4},"end":{"line":400,"column":5}},"147":{"start":{"line":377,"column":6},"end":{"line":377,"column":58}},"148":{"start":{"line":378,"column":6},"end":{"line":378,"column":28}},"149":{"start":{"line":379,"column":6},"end":{"line":379,"column":19}},"150":{"start":{"line":382,"column":6},"end":{"line":382,"column":64}},"151":{"start":{"line":383,"column":6},"end":{"line":383,"column":28}},"152":{"start":{"line":384,"column":6},"end":{"line":384,"column":19}},"153":{"start":{"line":387,"column":6},"end":{"line":387,"column":61}},"154":{"start":{"line":388,"column":6},"end":{"line":388,"column":28}},"155":{"start":{"line":389,"column":6},"end":{"line":389,"column":19}},"156":{"start":{"line":392,"column":6},"end":{"line":392,"column":61}},"157":{"start":{"line":393,"column":6},"end":{"line":393,"column":28}},"158":{"start":{"line":394,"column":6},"end":{"line":394,"column":19}},"159":{"start":{"line":397,"column":6},"end":{"line":397,"column":57}},"160":{"start":{"line":398,"column":6},"end":{"line":398,"column":28}},"161":{"start":{"line":399,"column":6},"end":{"line":399,"column":19}},"162":{"start":{"line":402,"column":4},"end":{"line":424,"column":8}},"163":{"start":{"line":416,"column":6},"end":{"line":416,"column":50}},"164":{"start":{"line":417,"column":6},"end":{"line":417,"column":28}},"165":{"start":{"line":418,"column":6},"end":{"line":418,"column":29}},"166":{"start":{"line":421,"column":6},"end":{"line":421,"column":27}},"167":{"start":{"line":422,"column":6},"end":{"line":422,"column":34}},"168":{"start":{"line":423,"column":6},"end":{"line":423,"column":28}},"169":{"start":{"line":425,"column":4},"end":{"line":425,"column":10}},"170":{"start":{"line":428,"column":4},"end":{"line":453,"column":5}},"171":{"start":{"line":430,"column":6},"end":{"line":430,"column":68}},"172":{"start":{"line":431,"column":6},"end":{"line":431,"column":28}},"173":{"start":{"line":432,"column":6},"end":{"line":432,"column":19}},"174":{"start":{"line":435,"column":6},"end":{"line":435,"column":74}},"175":{"start":{"line":436,"column":6},"end":{"line":436,"column":28}},"176":{"start":{"line":437,"column":6},"end":{"line":437,"column":19}},"177":{"start":{"line":440,"column":6},"end":{"line":440,"column":71}},"178":{"start":{"line":441,"column":6},"end":{"line":441,"column":28}},"179":{"start":{"line":442,"column":6},"end":{"line":442,"column":19}},"180":{"start":{"line":445,"column":6},"end":{"line":445,"column":71}},"181":{"start":{"line":446,"column":6},"end":{"line":446,"column":28}},"182":{"start":{"line":447,"column":6},"end":{"line":447,"column":19}},"183":{"start":{"line":450,"column":6},"end":{"line":450,"column":67}},"184":{"start":{"line":451,"column":6},"end":{"line":451,"column":28}},"185":{"start":{"line":452,"column":6},"end":{"line":452,"column":19}},"186":{"start":{"line":455,"column":4},"end":{"line":477,"column":8}},"187":{"start":{"line":469,"column":6},"end":{"line":469,"column":60}},"188":{"start":{"line":470,"column":6},"end":{"line":470,"column":28}},"189":{"start":{"line":471,"column":6},"end":{"line":471,"column":29}},"190":{"start":{"line":474,"column":6},"end":{"line":474,"column":27}},"191":{"start":{"line":475,"column":6},"end":{"line":475,"column":34}},"192":{"start":{"line":476,"column":6},"end":{"line":476,"column":28}},"193":{"start":{"line":478,"column":4},"end":{"line":478,"column":10}},"194":{"start":{"line":484,"column":2},"end":{"line":484,"column":21}},"195":{"start":{"line":485,"column":2},"end":{"line":485,"column":22}},"196":{"start":{"line":486,"column":2},"end":{"line":486,"column":21}},"197":{"start":{"line":489,"column":1},"end":{"line":527,"column":2}},"198":{"start":{"line":491,"column":2},"end":{"line":526,"column":18}},"199":{"start":{"line":492,"column":3},"end":{"line":492,"column":20}},"200":{"start":{"line":493,"column":22},"end":{"line":522,"column":6}},"201":{"start":{"line":498,"column":5},"end":{"line":520,"column":8}},"202":{"start":{"line":499,"column":6},"end":{"line":499,"column":42}},"203":{"start":{"line":500,"column":6},"end":{"line":500,"column":54}},"204":{"start":{"line":501,"column":6},"end":{"line":501,"column":63}},"205":{"start":{"line":502,"column":6},"end":{"line":502,"column":71}},"206":{"start":{"line":503,"column":6},"end":{"line":503,"column":61}},"207":{"start":{"line":504,"column":6},"end":{"line":504,"column":55}},"208":{"start":{"line":505,"column":6},"end":{"line":513,"column":9}},"209":{"start":{"line":514,"column":6},"end":{"line":514,"column":55}},"210":{"start":{"line":515,"column":6},"end":{"line":515,"column":55}},"211":{"start":{"line":516,"column":6},"end":{"line":516,"column":55}},"212":{"start":{"line":517,"column":6},"end":{"line":517,"column":71}},"213":{"start":{"line":518,"column":6},"end":{"line":518,"column":57}},"214":{"start":{"line":519,"column":6},"end":{"line":519,"column":55}},"215":{"start":{"line":521,"column":5},"end":{"line":521,"column":23}},"216":{"start":{"line":525,"column":3},"end":{"line":525,"column":29}},"217":{"start":{"line":525,"column":16},"end":{"line":525,"column":28}},"218":{"start":{"line":530,"column":1},"end":{"line":879,"column":3}},"219":{"start":{"line":538,"column":5},"end":{"line":538,"column":34}},"220":{"start":{"line":553,"column":9},"end":{"line":553,"column":38}},"221":{"start":{"line":561,"column":9},"end":{"line":561,"column":25}},"222":{"start":{"line":562,"column":9},"end":{"line":562,"column":38}},"223":{"start":{"line":576,"column":5},"end":{"line":576,"column":28}},"224":{"start":{"line":587,"column":8},"end":{"line":587,"column":31}},"225":{"start":{"line":588,"column":8},"end":{"line":591,"column":9}},"226":{"start":{"line":589,"column":9},"end":{"line":589,"column":33}},"227":{"start":{"line":590,"column":9},"end":{"line":590,"column":29}},"228":{"start":{"line":611,"column":31},"end":{"line":611,"column":51}},"229":{"start":{"line":618,"column":31},"end":{"line":618,"column":50}},"230":{"start":{"line":626,"column":27},"end":{"line":626,"column":47}},"231":{"start":{"line":630,"column":35},"end":{"line":630,"column":63}},"232":{"start":{"line":631,"column":39},"end":{"line":631,"column":67}},"233":{"start":{"line":633,"column":9},"end":{"line":637,"column":11}},"234":{"start":{"line":664,"column":28},"end":{"line":664,"column":53}},"235":{"start":{"line":671,"column":26},"end":{"line":671,"column":43}},"236":{"start":{"line":681,"column":24},"end":{"line":681,"column":41}},"237":{"start":{"line":693,"column":10},"end":{"line":693,"column":63}},"238":{"start":{"line":704,"column":28},"end":{"line":704,"column":47}},"239":{"start":{"line":705,"column":29},"end":{"line":705,"column":45}},"240":{"start":{"line":720,"column":28},"end":{"line":720,"column":47}},"241":{"start":{"line":721,"column":29},"end":{"line":721,"column":45}},"242":{"start":{"line":734,"column":33},"end":{"line":734,"column":67}},"243":{"start":{"line":744,"column":28},"end":{"line":744,"column":49}},"244":{"start":{"line":745,"column":29},"end":{"line":745,"column":53}},"245":{"start":{"line":764,"column":28},"end":{"line":764,"column":47}},"246":{"start":{"line":765,"column":29},"end":{"line":765,"column":45}},"247":{"start":{"line":780,"column":28},"end":{"line":780,"column":48}},"248":{"start":{"line":781,"column":29},"end":{"line":781,"column":46}},"249":{"start":{"line":794,"column":33},"end":{"line":794,"column":67}},"250":{"start":{"line":804,"column":28},"end":{"line":804,"column":49}},"251":{"start":{"line":805,"column":29},"end":{"line":805,"column":53}},"252":{"start":{"line":822,"column":33},"end":{"line":822,"column":67}},"253":{"start":{"line":836,"column":28},"end":{"line":836,"column":47}},"254":{"start":{"line":837,"column":29},"end":{"line":837,"column":45}},"255":{"start":{"line":854,"column":8},"end":{"line":854,"column":24}},"256":{"start":{"line":862,"column":8},"end":{"line":862,"column":28}},"257":{"start":{"line":870,"column":8},"end":{"line":870,"column":36}},"258":{"start":{"line":882,"column":15},"end":{"line":882,"column":26}},"259":{"start":{"line":884,"column":19},"end":{"line":947,"column":2}},"260":{"start":{"line":951,"column":17},"end":{"line":956,"column":2}},"261":{"start":{"line":958,"column":1},"end":{"line":967,"column":4}}},"fnMap":{"0":{"name":"EditListingScreen","decl":{"start":{"line":24,"column":9},"end":{"line":24,"column":26}},"loc":{"start":{"line":24,"column":50},"end":{"line":880,"column":1}},"line":24},"1":{"name":"categoryOpened","decl":{"start":{"line":110,"column":10},"end":{"line":110,"column":24}},"loc":{"start":{"line":110,"column":30},"end":{"line":116,"column":2}},"line":110},"2":{"name":"allergenOpened","decl":{"start":{"line":117,"column":10},"end":{"line":117,"column":24}},"loc":{"start":{"line":117,"column":30},"end":{"line":123,"column":2}},"line":117},"3":{"name":"collectionOpened","decl":{"start":{"line":124,"column":10},"end":{"line":124,"column":26}},"loc":{"start":{"line":124,"column":32},"end":{"line":129,"column":2}},"line":124},"4":{"name":"conditionOpened","decl":{"start":{"line":130,"column":10},"end":{"line":130,"column":25}},"loc":{"start":{"line":130,"column":31},"end":{"line":135,"column":2}},"line":130},"5":{"name":"ConvertDate","decl":{"start":{"line":137,"column":10},"end":{"line":137,"column":21}},"loc":{"start":{"line":137,"column":31},"end":{"line":152,"column":2}},"line":137},"6":{"name":"deleteListing","decl":{"start":{"line":154,"column":10},"end":{"line":154,"column":23}},"loc":{"start":{"line":154,"column":26},"end":{"line":242,"column":2}},"line":154},"7":{"name":"(anonymous_7)","decl":{"start":{"line":164,"column":9},"end":{"line":164,"column":10}},"loc":{"start":{"line":164,"column":15},"end":{"line":168,"column":4}},"line":164},"8":{"name":"(anonymous_8)","decl":{"start":{"line":169,"column":10},"end":{"line":169,"column":11}},"loc":{"start":{"line":169,"column":21},"end":{"line":173,"column":4}},"line":169},"9":{"name":"(anonymous_9)","decl":{"start":{"line":179,"column":15},"end":{"line":179,"column":16}},"loc":{"start":{"line":179,"column":34},"end":{"line":241,"column":4}},"line":179},"10":{"name":"(anonymous_10)","decl":{"start":{"line":184,"column":26},"end":{"line":184,"column":27}},"loc":{"start":{"line":184,"column":48},"end":{"line":187,"column":5}},"line":184},"11":{"name":"(anonymous_11)","decl":{"start":{"line":192,"column":27},"end":{"line":192,"column":28}},"loc":{"start":{"line":192,"column":35},"end":{"line":224,"column":5}},"line":192},"12":{"name":"(anonymous_12)","decl":{"start":{"line":200,"column":12},"end":{"line":200,"column":13}},"loc":{"start":{"line":200,"column":18},"end":{"line":202,"column":7}},"line":200},"13":{"name":"(anonymous_13)","decl":{"start":{"line":203,"column":13},"end":{"line":203,"column":14}},"loc":{"start":{"line":203,"column":24},"end":{"line":205,"column":7}},"line":203},"14":{"name":"(anonymous_14)","decl":{"start":{"line":218,"column":12},"end":{"line":218,"column":13}},"loc":{"start":{"line":218,"column":18},"end":{"line":220,"column":7}},"line":218},"15":{"name":"(anonymous_15)","decl":{"start":{"line":221,"column":13},"end":{"line":221,"column":14}},"loc":{"start":{"line":221,"column":24},"end":{"line":223,"column":7}},"line":221},"16":{"name":"(anonymous_16)","decl":{"start":{"line":227,"column":24},"end":{"line":227,"column":25}},"loc":{"start":{"line":227,"column":35},"end":{"line":240,"column":5}},"line":227},"17":{"name":"updateListing","decl":{"start":{"line":244,"column":10},"end":{"line":244,"column":23}},"loc":{"start":{"line":244,"column":26},"end":{"line":481,"column":2}},"line":244},"18":{"name":"(anonymous_18)","decl":{"start":{"line":296,"column":11},"end":{"line":296,"column":12}},"loc":{"start":{"line":296,"column":17},"end":{"line":300,"column":6}},"line":296},"19":{"name":"(anonymous_19)","decl":{"start":{"line":301,"column":12},"end":{"line":301,"column":13}},"loc":{"start":{"line":301,"column":23},"end":{"line":305,"column":6}},"line":301},"20":{"name":"(anonymous_20)","decl":{"start":{"line":362,"column":11},"end":{"line":362,"column":12}},"loc":{"start":{"line":362,"column":17},"end":{"line":366,"column":6}},"line":362},"21":{"name":"(anonymous_21)","decl":{"start":{"line":367,"column":12},"end":{"line":367,"column":13}},"loc":{"start":{"line":367,"column":23},"end":{"line":371,"column":6}},"line":367},"22":{"name":"(anonymous_22)","decl":{"start":{"line":415,"column":11},"end":{"line":415,"column":12}},"loc":{"start":{"line":415,"column":17},"end":{"line":419,"column":6}},"line":415},"23":{"name":"(anonymous_23)","decl":{"start":{"line":420,"column":12},"end":{"line":420,"column":13}},"loc":{"start":{"line":420,"column":23},"end":{"line":424,"column":6}},"line":420},"24":{"name":"(anonymous_24)","decl":{"start":{"line":468,"column":11},"end":{"line":468,"column":12}},"loc":{"start":{"line":468,"column":17},"end":{"line":472,"column":6}},"line":468},"25":{"name":"(anonymous_25)","decl":{"start":{"line":473,"column":12},"end":{"line":473,"column":13}},"loc":{"start":{"line":473,"column":23},"end":{"line":477,"column":6}},"line":473},"26":{"name":"setDate","decl":{"start":{"line":483,"column":10},"end":{"line":483,"column":17}},"loc":{"start":{"line":483,"column":24},"end":{"line":487,"column":2}},"line":483},"27":{"name":"(anonymous_27)","decl":{"start":{"line":491,"column":12},"end":{"line":491,"column":13}},"loc":{"start":{"line":491,"column":18},"end":{"line":526,"column":3}},"line":491},"28":{"name":"(anonymous_28)","decl":{"start":{"line":497,"column":16},"end":{"line":497,"column":17}},"loc":{"start":{"line":497,"column":35},"end":{"line":522,"column":5}},"line":497},"29":{"name":"(anonymous_29)","decl":{"start":{"line":498,"column":27},"end":{"line":498,"column":28}},"loc":{"start":{"line":498,"column":49},"end":{"line":520,"column":6}},"line":498},"30":{"name":"(anonymous_30)","decl":{"start":{"line":525,"column":10},"end":{"line":525,"column":11}},"loc":{"start":{"line":525,"column":16},"end":{"line":525,"column":28}},"line":525},"31":{"name":"(anonymous_31)","decl":{"start":{"line":537,"column":20},"end":{"line":537,"column":21}},"loc":{"start":{"line":537,"column":26},"end":{"line":539,"column":5}},"line":537},"32":{"name":"(anonymous_32)","decl":{"start":{"line":552,"column":17},"end":{"line":552,"column":18}},"loc":{"start":{"line":552,"column":23},"end":{"line":554,"column":9}},"line":552},"33":{"name":"(anonymous_33)","decl":{"start":{"line":560,"column":17},"end":{"line":560,"column":18}},"loc":{"start":{"line":560,"column":23},"end":{"line":563,"column":9}},"line":560},"34":{"name":"(anonymous_34)","decl":{"start":{"line":575,"column":20},"end":{"line":575,"column":21}},"loc":{"start":{"line":575,"column":26},"end":{"line":577,"column":5}},"line":575},"35":{"name":"(anonymous_35)","decl":{"start":{"line":586,"column":16},"end":{"line":586,"column":17}},"loc":{"start":{"line":586,"column":22},"end":{"line":592,"column":8}},"line":586},"36":{"name":"(anonymous_36)","decl":{"start":{"line":611,"column":22},"end":{"line":611,"column":23}},"loc":{"start":{"line":611,"column":31},"end":{"line":611,"column":51}},"line":611},"37":{"name":"(anonymous_37)","decl":{"start":{"line":618,"column":22},"end":{"line":618,"column":23}},"loc":{"start":{"line":618,"column":31},"end":{"line":618,"column":50}},"line":618},"38":{"name":"(anonymous_38)","decl":{"start":{"line":626,"column":16},"end":{"line":626,"column":17}},"loc":{"start":{"line":626,"column":27},"end":{"line":626,"column":47}},"line":626},"39":{"name":"(anonymous_39)","decl":{"start":{"line":630,"column":16},"end":{"line":630,"column":17}},"loc":{"start":{"line":630,"column":35},"end":{"line":630,"column":63}},"line":630},"40":{"name":"(anonymous_40)","decl":{"start":{"line":631,"column":20},"end":{"line":631,"column":21}},"loc":{"start":{"line":631,"column":39},"end":{"line":631,"column":67}},"line":631},"41":{"name":"(anonymous_41)","decl":{"start":{"line":632,"column":17},"end":{"line":632,"column":18}},"loc":{"start":{"line":633,"column":9},"end":{"line":637,"column":11}},"line":633},"42":{"name":"(anonymous_42)","decl":{"start":{"line":664,"column":19},"end":{"line":664,"column":20}},"loc":{"start":{"line":664,"column":28},"end":{"line":664,"column":53}},"line":664},"43":{"name":"(anonymous_43)","decl":{"start":{"line":671,"column":20},"end":{"line":671,"column":21}},"loc":{"start":{"line":671,"column":26},"end":{"line":671,"column":43}},"line":671},"44":{"name":"(anonymous_44)","decl":{"start":{"line":681,"column":18},"end":{"line":681,"column":19}},"loc":{"start":{"line":681,"column":24},"end":{"line":681,"column":41}},"line":681},"45":{"name":"(anonymous_45)","decl":{"start":{"line":692,"column":19},"end":{"line":692,"column":20}},"loc":{"start":{"line":693,"column":10},"end":{"line":693,"column":63}},"line":693},"46":{"name":"(anonymous_46)","decl":{"start":{"line":704,"column":19},"end":{"line":704,"column":20}},"loc":{"start":{"line":704,"column":28},"end":{"line":704,"column":47}},"line":704},"47":{"name":"(anonymous_47)","decl":{"start":{"line":705,"column":20},"end":{"line":705,"column":21}},"loc":{"start":{"line":705,"column":29},"end":{"line":705,"column":45}},"line":705},"48":{"name":"(anonymous_48)","decl":{"start":{"line":720,"column":19},"end":{"line":720,"column":20}},"loc":{"start":{"line":720,"column":28},"end":{"line":720,"column":47}},"line":720},"49":{"name":"(anonymous_49)","decl":{"start":{"line":721,"column":20},"end":{"line":721,"column":21}},"loc":{"start":{"line":721,"column":29},"end":{"line":721,"column":45}},"line":721},"50":{"name":"(anonymous_50)","decl":{"start":{"line":734,"column":24},"end":{"line":734,"column":25}},"loc":{"start":{"line":734,"column":33},"end":{"line":734,"column":67}},"line":734},"51":{"name":"(anonymous_51)","decl":{"start":{"line":744,"column":19},"end":{"line":744,"column":20}},"loc":{"start":{"line":744,"column":28},"end":{"line":744,"column":49}},"line":744},"52":{"name":"(anonymous_52)","decl":{"start":{"line":745,"column":20},"end":{"line":745,"column":21}},"loc":{"start":{"line":745,"column":29},"end":{"line":745,"column":53}},"line":745},"53":{"name":"(anonymous_53)","decl":{"start":{"line":764,"column":19},"end":{"line":764,"column":20}},"loc":{"start":{"line":764,"column":28},"end":{"line":764,"column":47}},"line":764},"54":{"name":"(anonymous_54)","decl":{"start":{"line":765,"column":20},"end":{"line":765,"column":21}},"loc":{"start":{"line":765,"column":29},"end":{"line":765,"column":45}},"line":765},"55":{"name":"(anonymous_55)","decl":{"start":{"line":780,"column":19},"end":{"line":780,"column":20}},"loc":{"start":{"line":780,"column":28},"end":{"line":780,"column":48}},"line":780},"56":{"name":"(anonymous_56)","decl":{"start":{"line":781,"column":20},"end":{"line":781,"column":21}},"loc":{"start":{"line":781,"column":29},"end":{"line":781,"column":46}},"line":781},"57":{"name":"(anonymous_57)","decl":{"start":{"line":794,"column":24},"end":{"line":794,"column":25}},"loc":{"start":{"line":794,"column":33},"end":{"line":794,"column":67}},"line":794},"58":{"name":"(anonymous_58)","decl":{"start":{"line":804,"column":19},"end":{"line":804,"column":20}},"loc":{"start":{"line":804,"column":28},"end":{"line":804,"column":49}},"line":804},"59":{"name":"(anonymous_59)","decl":{"start":{"line":805,"column":20},"end":{"line":805,"column":21}},"loc":{"start":{"line":805,"column":29},"end":{"line":805,"column":53}},"line":805},"60":{"name":"(anonymous_60)","decl":{"start":{"line":822,"column":24},"end":{"line":822,"column":25}},"loc":{"start":{"line":822,"column":33},"end":{"line":822,"column":67}},"line":822},"61":{"name":"(anonymous_61)","decl":{"start":{"line":836,"column":19},"end":{"line":836,"column":20}},"loc":{"start":{"line":836,"column":28},"end":{"line":836,"column":47}},"line":836},"62":{"name":"(anonymous_62)","decl":{"start":{"line":837,"column":20},"end":{"line":837,"column":21}},"loc":{"start":{"line":837,"column":29},"end":{"line":837,"column":45}},"line":837},"63":{"name":"(anonymous_63)","decl":{"start":{"line":853,"column":16},"end":{"line":853,"column":17}},"loc":{"start":{"line":853,"column":22},"end":{"line":855,"column":8}},"line":853},"64":{"name":"(anonymous_64)","decl":{"start":{"line":861,"column":16},"end":{"line":861,"column":17}},"loc":{"start":{"line":861,"column":22},"end":{"line":863,"column":8}},"line":861},"65":{"name":"(anonymous_65)","decl":{"start":{"line":869,"column":16},"end":{"line":869,"column":17}},"loc":{"start":{"line":869,"column":22},"end":{"line":871,"column":8}},"line":869},"66":{"name":"sendPushNotification","decl":{"start":{"line":950,"column":15},"end":{"line":950,"column":35}},"loc":{"start":{"line":950,"column":64},"end":{"line":968,"column":1}},"line":950}},"branchMap":{"0":{"loc":{"start":{"line":26,"column":44},"end":{"line":26,"column":112}},"type":"cond-expr","locations":[{"start":{"line":26,"column":86},"end":{"line":26,"column":88}},{"start":{"line":26,"column":90},"end":{"line":26,"column":112}}],"line":26},"1":{"loc":{"start":{"line":27,"column":40},"end":{"line":27,"column":93}},"type":"cond-expr","locations":[{"start":{"line":27,"column":82},"end":{"line":27,"column":87}},{"start":{"line":27,"column":89},"end":{"line":27,"column":93}}],"line":27},"2":{"loc":{"start":{"line":138,"column":2},"end":{"line":140,"column":3}},"type":"if","locations":[{"start":{"line":138,"column":2},"end":{"line":140,"column":3}},{"start":{"line":138,"column":2},"end":{"line":140,"column":3}}],"line":138},"3":{"loc":{"start":{"line":144,"column":4},"end":{"line":144,"column":63}},"type":"cond-expr","locations":[{"start":{"line":144,"column":26},"end":{"line":144,"column":46}},{"start":{"line":144,"column":49},"end":{"line":144,"column":63}}],"line":144},"4":{"loc":{"start":{"line":146,"column":4},"end":{"line":148,"column":25}},"type":"cond-expr","locations":[{"start":{"line":147,"column":6},"end":{"line":147,"column":33}},{"start":{"line":148,"column":6},"end":{"line":148,"column":25}}],"line":146},"5":{"loc":{"start":{"line":230,"column":5},"end":{"line":239,"column":6}},"type":"if","locations":[{"start":{"line":230,"column":5},"end":{"line":239,"column":6}},{"start":{"line":230,"column":5},"end":{"line":239,"column":6}}],"line":230},"6":{"loc":{"start":{"line":230,"column":9},"end":{"line":230,"column":39}},"type":"binary-expr","locations":[{"start":{"line":230,"column":9},"end":{"line":230,"column":23}},{"start":{"line":230,"column":27},"end":{"line":230,"column":39}}],"line":230},"7":{"loc":{"start":{"line":247,"column":2},"end":{"line":480,"column":3}},"type":"switch","locations":[{"start":{"line":248,"column":3},"end":{"line":307,"column":4}},{"start":{"line":308,"column":3},"end":{"line":373,"column":4}},{"start":{"line":374,"column":3},"end":{"line":426,"column":4}},{"start":{"line":427,"column":3},"end":{"line":479,"column":4}}],"line":247},"8":{"loc":{"start":{"line":249,"column":4},"end":{"line":279,"column":5}},"type":"switch","locations":[{"start":{"line":250,"column":5},"end":{"line":253,"column":19}},{"start":{"line":255,"column":5},"end":{"line":258,"column":19}},{"start":{"line":260,"column":5},"end":{"line":263,"column":19}},{"start":{"line":265,"column":5},"end":{"line":268,"column":19}},{"start":{"line":270,"column":5},"end":{"line":273,"column":19}},{"start":{"line":275,"column":5},"end":{"line":278,"column":19}}],"line":249},"9":{"loc":{"start":{"line":260,"column":10},"end":{"line":260,"column":54}},"type":"binary-expr","locations":[{"start":{"line":260,"column":10},"end":{"line":260,"column":30}},{"start":{"line":260,"column":34},"end":{"line":260,"column":54}}],"line":260},"10":{"loc":{"start":{"line":265,"column":10},"end":{"line":265,"column":43}},"type":"binary-expr","locations":[{"start":{"line":265,"column":10},"end":{"line":265,"column":26}},{"start":{"line":265,"column":30},"end":{"line":265,"column":43}}],"line":265},"11":{"loc":{"start":{"line":309,"column":4},"end":{"line":345,"column":5}},"type":"switch","locations":[{"start":{"line":310,"column":5},"end":{"line":313,"column":19}},{"start":{"line":315,"column":5},"end":{"line":318,"column":19}},{"start":{"line":320,"column":5},"end":{"line":323,"column":19}},{"start":{"line":325,"column":5},"end":{"line":328,"column":19}},{"start":{"line":330,"column":5},"end":{"line":334,"column":19}},{"start":{"line":336,"column":5},"end":{"line":339,"column":19}},{"start":{"line":341,"column":5},"end":{"line":344,"column":19}}],"line":309},"12":{"loc":{"start":{"line":320,"column":10},"end":{"line":320,"column":54}},"type":"binary-expr","locations":[{"start":{"line":320,"column":10},"end":{"line":320,"column":30}},{"start":{"line":320,"column":34},"end":{"line":320,"column":54}}],"line":320},"13":{"loc":{"start":{"line":325,"column":10},"end":{"line":325,"column":43}},"type":"binary-expr","locations":[{"start":{"line":325,"column":10},"end":{"line":325,"column":26}},{"start":{"line":325,"column":30},"end":{"line":325,"column":43}}],"line":325},"14":{"loc":{"start":{"line":375,"column":4},"end":{"line":400,"column":5}},"type":"switch","locations":[{"start":{"line":376,"column":5},"end":{"line":379,"column":19}},{"start":{"line":381,"column":5},"end":{"line":384,"column":19}},{"start":{"line":386,"column":5},"end":{"line":389,"column":19}},{"start":{"line":391,"column":5},"end":{"line":394,"column":19}},{"start":{"line":396,"column":5},"end":{"line":399,"column":19}}],"line":375},"15":{"loc":{"start":{"line":386,"column":10},"end":{"line":386,"column":54}},"type":"binary-expr","locations":[{"start":{"line":386,"column":10},"end":{"line":386,"column":30}},{"start":{"line":386,"column":34},"end":{"line":386,"column":54}}],"line":386},"16":{"loc":{"start":{"line":391,"column":10},"end":{"line":391,"column":43}},"type":"binary-expr","locations":[{"start":{"line":391,"column":10},"end":{"line":391,"column":26}},{"start":{"line":391,"column":30},"end":{"line":391,"column":43}}],"line":391},"17":{"loc":{"start":{"line":428,"column":4},"end":{"line":453,"column":5}},"type":"switch","locations":[{"start":{"line":429,"column":5},"end":{"line":432,"column":19}},{"start":{"line":434,"column":5},"end":{"line":437,"column":19}},{"start":{"line":439,"column":5},"end":{"line":442,"column":19}},{"start":{"line":444,"column":5},"end":{"line":447,"column":19}},{"start":{"line":449,"column":5},"end":{"line":452,"column":19}}],"line":428},"18":{"loc":{"start":{"line":439,"column":10},"end":{"line":439,"column":54}},"type":"binary-expr","locations":[{"start":{"line":439,"column":10},"end":{"line":439,"column":30}},{"start":{"line":439,"column":34},"end":{"line":439,"column":54}}],"line":439},"19":{"loc":{"start":{"line":489,"column":1},"end":{"line":527,"column":2}},"type":"if","locations":[{"start":{"line":489,"column":1},"end":{"line":527,"column":2}},{"start":{"line":489,"column":1},"end":{"line":527,"column":2}}],"line":489},"20":{"loc":{"start":{"line":588,"column":8},"end":{"line":591,"column":9}},"type":"if","locations":[{"start":{"line":588,"column":8},"end":{"line":591,"column":9}},{"start":{"line":588,"column":8},"end":{"line":591,"column":9}}],"line":588},"21":{"loc":{"start":{"line":603,"column":5},"end":{"line":605,"column":5}},"type":"binary-expr","locations":[{"start":{"line":603,"column":5},"end":{"line":603,"column":12}},{"start":{"line":604,"column":5},"end":{"line":604,"column":73}}],"line":603},"22":{"loc":{"start":{"line":606,"column":5},"end":{"line":876,"column":5}},"type":"binary-expr","locations":[{"start":{"line":606,"column":5},"end":{"line":606,"column":13}},{"start":{"line":607,"column":5},"end":{"line":875,"column":12}}],"line":606},"23":{"loc":{"start":{"line":656,"column":8},"end":{"line":660,"column":8}},"type":"binary-expr","locations":[{"start":{"line":656,"column":8},"end":{"line":656,"column":31}},{"start":{"line":657,"column":8},"end":{"line":659,"column":15}}],"line":656},"24":{"loc":{"start":{"line":658,"column":10},"end":{"line":658,"column":49}},"type":"cond-expr","locations":[{"start":{"line":658,"column":27},"end":{"line":658,"column":40}},{"start":{"line":658,"column":43},"end":{"line":658,"column":49}}],"line":658},"25":{"loc":{"start":{"line":661,"column":8},"end":{"line":677,"column":8}},"type":"binary-expr","locations":[{"start":{"line":661,"column":8},"end":{"line":661,"column":32}},{"start":{"line":661,"column":36},"end":{"line":661,"column":39}},{"start":{"line":662,"column":8},"end":{"line":676,"column":10}}],"line":661},"26":{"loc":{"start":{"line":678,"column":8},"end":{"line":685,"column":8}},"type":"binary-expr","locations":[{"start":{"line":678,"column":8},"end":{"line":678,"column":32}},{"start":{"line":678,"column":36},"end":{"line":678,"column":40}},{"start":{"line":679,"column":8},"end":{"line":684,"column":27}}],"line":678},"27":{"loc":{"start":{"line":686,"column":8},"end":{"line":696,"column":8}},"type":"binary-expr","locations":[{"start":{"line":686,"column":8},"end":{"line":686,"column":32}},{"start":{"line":686,"column":36},"end":{"line":686,"column":40}},{"start":{"line":686,"column":44},"end":{"line":686,"column":52}},{"start":{"line":687,"column":8},"end":{"line":695,"column":10}}],"line":686},"28":{"loc":{"start":{"line":697,"column":8},"end":{"line":756,"column":8}},"type":"binary-expr","locations":[{"start":{"line":697,"column":8},"end":{"line":697,"column":23}},{"start":{"line":698,"column":8},"end":{"line":755,"column":15}}],"line":697},"29":{"loc":{"start":{"line":757,"column":8},"end":{"line":816,"column":8}},"type":"binary-expr","locations":[{"start":{"line":757,"column":8},"end":{"line":757,"column":32}},{"start":{"line":758,"column":8},"end":{"line":815,"column":15}}],"line":757},"30":{"loc":{"start":{"line":817,"column":8},"end":{"line":828,"column":8}},"type":"binary-expr","locations":[{"start":{"line":817,"column":8},"end":{"line":817,"column":24}},{"start":{"line":818,"column":8},"end":{"line":827,"column":15}}],"line":817},"31":{"loc":{"start":{"line":829,"column":8},"end":{"line":848,"column":8}},"type":"binary-expr","locations":[{"start":{"line":829,"column":8},"end":{"line":829,"column":26}},{"start":{"line":830,"column":8},"end":{"line":847,"column":15}}],"line":829}},"s":{"0":1,"1":1,"2":1,"3":1,"4":1,"5":1,"6":1,"7":1,"8":1,"9":1,"10":1,"11":1,"12":1,"13":1,"14":1,"15":1,"16":1,"17":1,"18":1,"19":1,"20":1,"21":1,"22":1,"23":1,"24":1,"25":1,"26":1,"27":1,"28":1,"29":1,"30":1,"31":1,"32":1,"33":1,"34":0,"35":0,"36":0,"37":0,"38":0,"39":0,"40":0,"41":0,"42":0,"43":0,"44":0,"45":0,"46":0,"47":0,"48":0,"49":0,"50":0,"51":0,"52":2,"53":0,"54":2,"55":2,"56":2,"57":0,"58":0,"59":0,"60":0,"61":0,"62":0,"63":0,"64":0,"65":0,"66":0,"67":0,"68":0,"69":0,"70":0,"71":0,"72":0,"73":0,"74":0,"75":0,"76":0,"77":0,"78":0,"79":0,"80":0,"81":0,"82":0,"83":0,"84":0,"85":0,"86":0,"87":0,"88":0,"89":0,"90":0,"91":0,"92":0,"93":0,"94":0,"95":0,"96":0,"97":0,"98":0,"99":0,"100":0,"101":0,"102":0,"103":0,"104":0,"105":0,"106":0,"107":0,"108":0,"109":0,"110":0,"111":0,"112":0,"113":0,"114":0,"115":0,"116":0,"117":0,"118":0,"119":0,"120":0,"121":0,"122":0,"123":0,"124":0,"125":0,"126":0,"127":0,"128":0,"129":0,"130":0,"131":0,"132":0,"133":0,"134":0,"135":0,"136":0,"137":0,"138":0,"139":0,"140":0,"141":0,"142":0,"143":0,"144":0,"145":0,"146":0,"147":0,"148":0,"149":0,"150":0,"151":0,"152":0,"153":0,"154":0,"155":0,"156":0,"157":0,"158":0,"159":0,"160":0,"161":0,"162":0,"163":0,"164":0,"165":0,"166":0,"167":0,"168":0,"169":0,"170":0,"171":0,"172":0,"173":0,"174":0,"175":0,"176":0,"177":0,"178":0,"179":0,"180":0,"181":0,"182":0,"183":0,"184":0,"185":0,"186":0,"187":0,"188":0,"189":0,"190":0,"191":0,"192":0,"193":0,"194":0,"195":0,"196":0,"197":1,"198":0,"199":0,"200":0,"201":0,"202":0,"203":0,"204":0,"205":0,"206":0,"207":0,"208":0,"209":0,"210":0,"211":0,"212":0,"213":0,"214":0,"215":0,"216":0,"217":0,"218":1,"219":0,"220":0,"221":0,"222":0,"223":0,"224":0,"225":0,"226":0,"227":0,"228":0,"229":0,"230":0,"231":0,"232":0,"233":0,"234":0,"235":0,"236":0,"237":0,"238":0,"239":0,"240":0,"241":0,"242":0,"243":0,"244":0,"245":0,"246":0,"247":0,"248":0,"249":0,"250":0,"251":0,"252":0,"253":0,"254":0,"255":0,"256":0,"257":0,"258":2,"259":2,"260":0,"261":0},"f":{"0":1,"1":0,"2":0,"3":0,"4":0,"5":2,"6":0,"7":0,"8":0,"9":0,"10":0,"11":0,"12":0,"13":0,"14":0,"15":0,"16":0,"17":0,"18":0,"19":0,"20":0,"21":0,"22":0,"23":0,"24":0,"25":0,"26":0,"27":0,"28":0,"29":0,"30":0,"31":0,"32":0,"33":0,"34":0,"35":0,"36":0,"37":0,"38":0,"39":0,"40":0,"41":0,"42":0,"43":0,"44":0,"45":0,"46":0,"47":0,"48":0,"49":0,"50":0,"51":0,"52":0,"53":0,"54":0,"55":0,"56":0,"57":0,"58":0,"59":0,"60":0,"61":0,"62":0,"63":0,"64":0,"65":0,"66":0},"b":{"0":[1,0],"1":[1,0],"2":[0,2],"3":[0,2],"4":[0,2],"5":[0,0],"6":[0,0],"7":[0,0,0,0],"8":[0,0,0,0,0,0],"9":[0,0],"10":[0,0],"11":[0,0,0,0,0,0,0],"12":[0,0],"13":[0,0],"14":[0,0,0,0,0],"15":[0,0],"16":[0,0],"17":[0,0,0,0,0],"18":[0,0],"19":[0,1],"20":[0,0],"21":[1,0],"22":[1,1],"23":[1,1],"24":[0,1],"25":[1,1,0],"26":[1,1,1],"27":[1,1,1,0],"28":[1,0],"29":[1,0],"30":[1,0],"31":[1,0]},"_coverageSchema":"1a1c01bbd47fc00a2c39e90264f33305004495a9","hash":"65d0d73f74dbc8b7d659266405672597767ac30c"}
,"E:\\Capstone\\koha\\app\\screens\\Entry.js": {"path":"E:\\Capstone\\koha\\app\\screens\\Entry.js","statementMap":{"0":{"start":{"line":18,"column":31},"end":{"line":18,"column":46}},"1":{"start":{"line":19,"column":19},"end":{"line":21,"column":2}},"2":{"start":{"line":20,"column":2},"end":{"line":20,"column":19}},"3":{"start":{"line":22,"column":1},"end":{"line":30,"column":2}},"4":{"start":{"line":23,"column":2},"end":{"line":29,"column":4}},"5":{"start":{"line":26,"column":20},"end":{"line":26,"column":36}},"6":{"start":{"line":31,"column":1},"end":{"line":53,"column":3}},"7":{"start":{"line":41,"column":20},"end":{"line":41,"column":48}},"8":{"start":{"line":47,"column":20},"end":{"line":47,"column":56}},"9":{"start":{"line":56,"column":15},"end":{"line":97,"column":2}}},"fnMap":{"0":{"name":"Entry","decl":{"start":{"line":17,"column":9},"end":{"line":17,"column":14}},"loc":{"start":{"line":17,"column":31},"end":{"line":54,"column":1}},"line":17},"1":{"name":"(anonymous_1)","decl":{"start":{"line":19,"column":19},"end":{"line":19,"column":20}},"loc":{"start":{"line":19,"column":31},"end":{"line":21,"column":2}},"line":19},"2":{"name":"(anonymous_2)","decl":{"start":{"line":26,"column":14},"end":{"line":26,"column":15}},"loc":{"start":{"line":26,"column":20},"end":{"line":26,"column":36}},"line":26},"3":{"name":"(anonymous_3)","decl":{"start":{"line":27,"column":13},"end":{"line":27,"column":14}},"loc":{"start":{"line":27,"column":19},"end":{"line":27,"column":21}},"line":27},"4":{"name":"(anonymous_4)","decl":{"start":{"line":41,"column":14},"end":{"line":41,"column":15}},"loc":{"start":{"line":41,"column":20},"end":{"line":41,"column":48}},"line":41},"5":{"name":"(anonymous_5)","decl":{"start":{"line":47,"column":14},"end":{"line":47,"column":15}},"loc":{"start":{"line":47,"column":20},"end":{"line":47,"column":56}},"line":47}},"branchMap":{"0":{"loc":{"start":{"line":22,"column":1},"end":{"line":30,"column":2}},"type":"if","locations":[{"start":{"line":22,"column":1},"end":{"line":30,"column":2}},{"start":{"line":22,"column":1},"end":{"line":30,"column":2}}],"line":22}},"s":{"0":1,"1":1,"2":1,"3":1,"4":1,"5":0,"6":0,"7":0,"8":0,"9":2},"f":{"0":1,"1":1,"2":0,"3":0,"4":0,"5":0},"b":{"0":[1,0]},"_coverageSchema":"1a1c01bbd47fc00a2c39e90264f33305004495a9","hash":"f72b950f37f829233ed220fd6ac4b8c92eb7087b"}
,"E:\\Capstone\\koha\\app\\screens\\GiveKoha.js": {"path":"E:\\Capstone\\koha\\app\\screens\\GiveKoha.js","statementMap":{"0":{"start":{"line":11,"column":18},"end":{"line":11,"column":124}},"1":{"start":{"line":12,"column":1},"end":{"line":29,"column":2}},"2":{"start":{"line":13,"column":2},"end":{"line":28,"column":4}},"3":{"start":{"line":17,"column":20},"end":{"line":17,"column":58}},"4":{"start":{"line":23,"column":20},"end":{"line":23,"column":60}},"5":{"start":{"line":33,"column":31},"end":{"line":33,"column":46}},"6":{"start":{"line":34,"column":19},"end":{"line":36,"column":2}},"7":{"start":{"line":35,"column":2},"end":{"line":35,"column":19}},"8":{"start":{"line":37,"column":1},"end":{"line":45,"column":2}},"9":{"start":{"line":38,"column":2},"end":{"line":44,"column":4}},"10":{"start":{"line":41,"column":20},"end":{"line":41,"column":36}},"11":{"start":{"line":46,"column":1},"end":{"line":76,"column":3}},"12":{"start":{"line":54,"column":20},"end":{"line":54,"column":57}},"13":{"start":{"line":60,"column":20},"end":{"line":60,"column":62}},"14":{"start":{"line":70,"column":20},"end":{"line":70,"column":39}},"15":{"start":{"line":79,"column":15},"end":{"line":79,"column":26}},"16":{"start":{"line":80,"column":20},"end":{"line":114,"column":2}}},"fnMap":{"0":{"name":"ShowBusinessOptions","decl":{"start":{"line":10,"column":9},"end":{"line":10,"column":28}},"loc":{"start":{"line":10,"column":45},"end":{"line":30,"column":1}},"line":10},"1":{"name":"(anonymous_1)","decl":{"start":{"line":17,"column":14},"end":{"line":17,"column":15}},"loc":{"start":{"line":17,"column":20},"end":{"line":17,"column":58}},"line":17},"2":{"name":"(anonymous_2)","decl":{"start":{"line":23,"column":14},"end":{"line":23,"column":15}},"loc":{"start":{"line":23,"column":20},"end":{"line":23,"column":60}},"line":23},"3":{"name":"GiveKoha","decl":{"start":{"line":32,"column":9},"end":{"line":32,"column":17}},"loc":{"start":{"line":32,"column":34},"end":{"line":77,"column":1}},"line":32},"4":{"name":"(anonymous_4)","decl":{"start":{"line":34,"column":19},"end":{"line":34,"column":20}},"loc":{"start":{"line":34,"column":31},"end":{"line":36,"column":2}},"line":34},"5":{"name":"(anonymous_5)","decl":{"start":{"line":41,"column":14},"end":{"line":41,"column":15}},"loc":{"start":{"line":41,"column":20},"end":{"line":41,"column":36}},"line":41},"6":{"name":"(anonymous_6)","decl":{"start":{"line":42,"column":13},"end":{"line":42,"column":14}},"loc":{"start":{"line":42,"column":19},"end":{"line":42,"column":21}},"line":42},"7":{"name":"(anonymous_7)","decl":{"start":{"line":54,"column":14},"end":{"line":54,"column":15}},"loc":{"start":{"line":54,"column":20},"end":{"line":54,"column":57}},"line":54},"8":{"name":"(anonymous_8)","decl":{"start":{"line":60,"column":14},"end":{"line":60,"column":15}},"loc":{"start":{"line":60,"column":20},"end":{"line":60,"column":62}},"line":60},"9":{"name":"(anonymous_9)","decl":{"start":{"line":70,"column":14},"end":{"line":70,"column":15}},"loc":{"start":{"line":70,"column":20},"end":{"line":70,"column":39}},"line":70}},"branchMap":{"0":{"loc":{"start":{"line":11,"column":18},"end":{"line":11,"column":124}},"type":"cond-expr","locations":[{"start":{"line":11,"column":60},"end":{"line":11,"column":80}},{"start":{"line":11,"column":82},"end":{"line":11,"column":124}}],"line":11},"1":{"loc":{"start":{"line":12,"column":1},"end":{"line":29,"column":2}},"type":"if","locations":[{"start":{"line":12,"column":1},"end":{"line":29,"column":2}},{"start":{"line":12,"column":1},"end":{"line":29,"column":2}}],"line":12},"2":{"loc":{"start":{"line":37,"column":1},"end":{"line":45,"column":2}},"type":"if","locations":[{"start":{"line":37,"column":1},"end":{"line":45,"column":2}},{"start":{"line":37,"column":1},"end":{"line":45,"column":2}}],"line":37},"3":{"loc":{"start":{"line":37,"column":5},"end":{"line":37,"column":57}},"type":"binary-expr","locations":[{"start":{"line":37,"column":5},"end":{"line":37,"column":45}},{"start":{"line":37,"column":49},"end":{"line":37,"column":57}}],"line":37}},"s":{"0":1,"1":1,"2":1,"3":0,"4":0,"5":1,"6":1,"7":0,"8":1,"9":0,"10":0,"11":1,"12":0,"13":0,"14":0,"15":3,"16":3},"f":{"0":1,"1":0,"2":0,"3":1,"4":0,"5":0,"6":0,"7":0,"8":0,"9":0},"b":{"0":[1,0],"1":[1,0],"2":[0,1],"3":[1,0]},"_coverageSchema":"1a1c01bbd47fc00a2c39e90264f33305004495a9","hash":"b782d4bcdf87013c9253324323f41a68ff51f77d"}
,"E:\\Capstone\\koha\\app\\screens\\HomeScreen.js": {"path":"E:\\Capstone\\koha\\app\\screens\\HomeScreen.js","statementMap":{"0":{"start":{"line":26,"column":31},"end":{"line":26,"column":46}},"1":{"start":{"line":27,"column":31},"end":{"line":27,"column":43}},"2":{"start":{"line":28,"column":33},"end":{"line":28,"column":45}},"3":{"start":{"line":29,"column":31},"end":{"line":29,"column":45}},"4":{"start":{"line":30,"column":47},"end":{"line":30,"column":59}},"5":{"start":{"line":31,"column":25},"end":{"line":31,"column":40}},"6":{"start":{"line":32,"column":35},"end":{"line":32,"column":50}},"7":{"start":{"line":34,"column":25},"end":{"line":34,"column":40}},"8":{"start":{"line":35,"column":27},"end":{"line":35,"column":41}},"9":{"start":{"line":36,"column":27},"end":{"line":45,"column":3}},"10":{"start":{"line":46,"column":19},"end":{"line":48,"column":2}},"11":{"start":{"line":47,"column":2},"end":{"line":47,"column":19}},"12":{"start":{"line":50,"column":1},"end":{"line":99,"column":8}},"13":{"start":{"line":52,"column":19},"end":{"line":95,"column":5}},"14":{"start":{"line":57,"column":4},"end":{"line":94,"column":7}},"15":{"start":{"line":59,"column":6},"end":{"line":61,"column":44}},"16":{"start":{"line":63,"column":5},"end":{"line":93,"column":9}},"17":{"start":{"line":67,"column":24},"end":{"line":67,"column":26}},"18":{"start":{"line":68,"column":31},"end":{"line":68,"column":33}},"19":{"start":{"line":70,"column":7},"end":{"line":88,"column":10}},"20":{"start":{"line":72,"column":8},"end":{"line":87,"column":9}},"21":{"start":{"line":76,"column":9},"end":{"line":86,"column":10}},"22":{"start":{"line":77,"column":10},"end":{"line":80,"column":13}},"23":{"start":{"line":82,"column":10},"end":{"line":85,"column":13}},"24":{"start":{"line":90,"column":7},"end":{"line":90,"column":29}},"25":{"start":{"line":91,"column":7},"end":{"line":91,"column":43}},"26":{"start":{"line":92,"column":7},"end":{"line":92,"column":25}},"27":{"start":{"line":98,"column":2},"end":{"line":98,"column":28}},"28":{"start":{"line":98,"column":15},"end":{"line":98,"column":27}},"29":{"start":{"line":102,"column":2},"end":{"line":102,"column":21}},"30":{"start":{"line":104,"column":23},"end":{"line":104,"column":25}},"31":{"start":{"line":106,"column":2},"end":{"line":112,"column":5}},"32":{"start":{"line":107,"column":3},"end":{"line":111,"column":4}},"33":{"start":{"line":108,"column":4},"end":{"line":108,"column":28}},"34":{"start":{"line":109,"column":10},"end":{"line":111,"column":4}},"35":{"start":{"line":110,"column":4},"end":{"line":110,"column":28}},"36":{"start":{"line":113,"column":2},"end":{"line":116,"column":3}},"37":{"start":{"line":115,"column":3},"end":{"line":115,"column":29}},"38":{"start":{"line":120,"column":2},"end":{"line":120,"column":22}},"39":{"start":{"line":121,"column":2},"end":{"line":145,"column":6}},"40":{"start":{"line":128,"column":25},"end":{"line":128,"column":27}},"41":{"start":{"line":129,"column":4},"end":{"line":140,"column":7}},"42":{"start":{"line":131,"column":5},"end":{"line":139,"column":6}},"43":{"start":{"line":135,"column":6},"end":{"line":138,"column":9}},"44":{"start":{"line":142,"column":4},"end":{"line":144,"column":5}},"45":{"start":{"line":143,"column":5},"end":{"line":143,"column":31}},"46":{"start":{"line":148,"column":1},"end":{"line":156,"column":2}},"47":{"start":{"line":149,"column":2},"end":{"line":155,"column":4}},"48":{"start":{"line":157,"column":1},"end":{"line":165,"column":2}},"49":{"start":{"line":158,"column":2},"end":{"line":164,"column":4}},"50":{"start":{"line":161,"column":20},"end":{"line":161,"column":36}},"51":{"start":{"line":167,"column":1},"end":{"line":258,"column":3}},"52":{"start":{"line":169,"column":19},"end":{"line":169,"column":51}},"53":{"start":{"line":194,"column":9},"end":{"line":194,"column":25}},"54":{"start":{"line":195,"column":9},"end":{"line":201,"column":14}},"55":{"start":{"line":234,"column":34},"end":{"line":234,"column":58}},"56":{"start":{"line":237,"column":23},"end":{"line":237,"column":38}},"57":{"start":{"line":246,"column":40},"end":{"line":246,"column":54}},"58":{"start":{"line":261,"column":15},"end":{"line":330,"column":2}}},"fnMap":{"0":{"name":"HomeScreen","decl":{"start":{"line":25,"column":9},"end":{"line":25,"column":19}},"loc":{"start":{"line":25,"column":36},"end":{"line":259,"column":1}},"line":25},"1":{"name":"(anonymous_1)","decl":{"start":{"line":46,"column":19},"end":{"line":46,"column":20}},"loc":{"start":{"line":46,"column":31},"end":{"line":48,"column":2}},"line":46},"2":{"name":"(anonymous_2)","decl":{"start":{"line":50,"column":11},"end":{"line":50,"column":12}},"loc":{"start":{"line":50,"column":17},"end":{"line":99,"column":2}},"line":50},"3":{"name":"(anonymous_3)","decl":{"start":{"line":56,"column":15},"end":{"line":56,"column":16}},"loc":{"start":{"line":56,"column":34},"end":{"line":95,"column":4}},"line":56},"4":{"name":"(anonymous_4)","decl":{"start":{"line":57,"column":26},"end":{"line":57,"column":27}},"loc":{"start":{"line":57,"column":48},"end":{"line":94,"column":5}},"line":57},"5":{"name":"(anonymous_5)","decl":{"start":{"line":66,"column":18},"end":{"line":66,"column":19}},"loc":{"start":{"line":66,"column":37},"end":{"line":93,"column":7}},"line":66},"6":{"name":"(anonymous_6)","decl":{"start":{"line":70,"column":29},"end":{"line":70,"column":30}},"loc":{"start":{"line":70,"column":51},"end":{"line":88,"column":8}},"line":70},"7":{"name":"(anonymous_7)","decl":{"start":{"line":98,"column":9},"end":{"line":98,"column":10}},"loc":{"start":{"line":98,"column":15},"end":{"line":98,"column":27}},"line":98},"8":{"name":"Search","decl":{"start":{"line":101,"column":10},"end":{"line":101,"column":16}},"loc":{"start":{"line":101,"column":36},"end":{"line":117,"column":2}},"line":101},"9":{"name":"(anonymous_9)","decl":{"start":{"line":106,"column":19},"end":{"line":106,"column":20}},"loc":{"start":{"line":106,"column":35},"end":{"line":112,"column":3}},"line":106},"10":{"name":"FilterListingType","decl":{"start":{"line":119,"column":10},"end":{"line":119,"column":27}},"loc":{"start":{"line":119,"column":34},"end":{"line":146,"column":2}},"line":119},"11":{"name":"(anonymous_11)","decl":{"start":{"line":127,"column":9},"end":{"line":127,"column":10}},"loc":{"start":{"line":127,"column":28},"end":{"line":145,"column":4}},"line":127},"12":{"name":"(anonymous_12)","decl":{"start":{"line":129,"column":26},"end":{"line":129,"column":27}},"loc":{"start":{"line":129,"column":48},"end":{"line":140,"column":5}},"line":129},"13":{"name":"(anonymous_13)","decl":{"start":{"line":161,"column":14},"end":{"line":161,"column":15}},"loc":{"start":{"line":161,"column":20},"end":{"line":161,"column":36}},"line":161},"14":{"name":"(anonymous_14)","decl":{"start":{"line":162,"column":13},"end":{"line":162,"column":14}},"loc":{"start":{"line":162,"column":19},"end":{"line":162,"column":21}},"line":162},"15":{"name":"(anonymous_15)","decl":{"start":{"line":169,"column":12},"end":{"line":169,"column":13}},"loc":{"start":{"line":169,"column":19},"end":{"line":169,"column":51}},"line":169},"16":{"name":"(anonymous_16)","decl":{"start":{"line":193,"column":22},"end":{"line":193,"column":23}},"loc":{"start":{"line":193,"column":31},"end":{"line":202,"column":9}},"line":193},"17":{"name":"(anonymous_17)","decl":{"start":{"line":234,"column":23},"end":{"line":234,"column":24}},"loc":{"start":{"line":234,"column":34},"end":{"line":234,"column":58}},"line":234},"18":{"name":"(anonymous_18)","decl":{"start":{"line":237,"column":17},"end":{"line":237,"column":18}},"loc":{"start":{"line":237,"column":23},"end":{"line":237,"column":38}},"line":237},"19":{"name":"(anonymous_19)","decl":{"start":{"line":246,"column":34},"end":{"line":246,"column":35}},"loc":{"start":{"line":246,"column":40},"end":{"line":246,"column":54}},"line":246}},"branchMap":{"0":{"loc":{"start":{"line":59,"column":6},"end":{"line":61,"column":44}},"type":"cond-expr","locations":[{"start":{"line":60,"column":9},"end":{"line":60,"column":11}},{"start":{"line":61,"column":9},"end":{"line":61,"column":44}}],"line":59},"1":{"loc":{"start":{"line":72,"column":8},"end":{"line":87,"column":9}},"type":"if","locations":[{"start":{"line":72,"column":8},"end":{"line":87,"column":9}},{"start":{"line":72,"column":8},"end":{"line":87,"column":9}}],"line":72},"2":{"loc":{"start":{"line":73,"column":9},"end":{"line":74,"column":51}},"type":"binary-expr","locations":[{"start":{"line":73,"column":9},"end":{"line":73,"column":51}},{"start":{"line":74,"column":9},"end":{"line":74,"column":51}}],"line":73},"3":{"loc":{"start":{"line":76,"column":9},"end":{"line":86,"column":10}},"type":"if","locations":[{"start":{"line":76,"column":9},"end":{"line":86,"column":10}},{"start":{"line":76,"column":9},"end":{"line":86,"column":10}}],"line":76},"4":{"loc":{"start":{"line":107,"column":3},"end":{"line":111,"column":4}},"type":"if","locations":[{"start":{"line":107,"column":3},"end":{"line":111,"column":4}},{"start":{"line":107,"column":3},"end":{"line":111,"column":4}}],"line":107},"5":{"loc":{"start":{"line":109,"column":10},"end":{"line":111,"column":4}},"type":"if","locations":[{"st
[...]
,"E:\\Capstone\\koha\\app\\screens\\Splash.js": {"path":"E:\\Capstone\\koha\\app\\screens\\Splash.js","statementMap":{"0":{"start":{"line":21,"column":1},"end":{"line":25,"column":2}},"1":{"start":{"line":22,"column":2},"end":{"line":24,"column":5}},"2":{"start":{"line":23,"column":3},"end":{"line":23,"column":22}},"3":{"start":{"line":27,"column":19},"end":{"line":63,"column":3}},"4":{"start":{"line":28,"column":25},"end":{"line":28,"column":32}},"5":{"start":{"line":29,"column":2},"end":{"line":56,"column":3}},"6":{"start":{"line":30,"column":3},"end":{"line":30,"column":33}},"7":{"start":{"line":31,"column":3},"end":{"line":35,"column":4}},"8":{"start":{"line":32,"column":4},"end":{"line":32,"column":29}},"9":{"start":{"line":33,"column":10},"end":{"line":35,"column":4}},"10":{"start":{"line":34,"column":4},"end":{"line":34,"column":37}},"11":{"start":{"line":38,"column":12},"end":{"line":38,"column":32}},"12":{"start":{"line":39,"column":3},"end":{"line":55,"column":7}},"13":{"start":{"line":54,"column":5},"end":{"line":54,"column":26}},"14":{"start":{"line":58,"column":11},"end":{"line":61,"column":10}},"15":{"start":{"line":59,"column":3},"end":{"line":59,"column":41}},"16":{"start":{"line":60,"column":3},"end":{"line":60,"column":21}},"17":{"start":{"line":62,"column":2},"end":{"line":62,"column":16}},"18":{"start":{"line":65,"column":1},"end":{"line":75,"column":3}},"19":{"start":{"line":78,"column":15},"end":{"line":93,"column":2}},"20":{"start":{"line":99,"column":1},"end":{"line":114,"column":2}},"21":{"start":{"line":101,"column":3},"end":{"line":101,"column":44}},"22":{"start":{"line":102,"column":20},"end":{"line":102,"column":34}},"23":{"start":{"line":103,"column":2},"end":{"line":106,"column":3}},"24":{"start":{"line":104,"column":22},"end":{"line":104,"column":67}},"25":{"start":{"line":105,"column":3},"end":{"line":105,"column":24}},"26":{"start":{"line":107,"column":2},"end":{"line":110,"column":3}},"27":{"start":{"line":108,"column":3},"end":{"line":108,"column":62}},"28":{"start":{"line":109,"column":3},"end":{"line":109,"column":10}},"29":{"start":{"line":111,"column":2},"end":{"line":111,"column":61}},"30":{"start":{"line":113,"column":2},"end":{"line":113,"column":47}},"31":{"start":{"line":116,"column":1},"end":{"line":123,"column":2}},"32":{"start":{"line":117,"column":2},"end":{"line":122,"column":5}},"33":{"start":{"line":125,"column":1},"end":{"line":125,"column":14}}},"fnMap":{"0":{"name":"Splash","decl":{"start":{"line":20,"column":9},"end":{"line":20,"column":15}},"loc":{"start":{"line":20,"column":32},"end":{"line":76,"column":1}},"line":20},"1":{"name":"(anonymous_1)","decl":{"start":{"line":22,"column":43},"end":{"line":22,"column":44}},"loc":{"start":{"line":22,"column":54},"end":{"line":24,"column":3}},"line":22},"2":{"name":"(anonymous_2)","decl":{"start":{"line":27,"column":101},"end":{"line":27,"column":102}},"loc":{"start":{"line":27,"column":111},"end":{"line":63,"column":2}},"line":27},"3":{"name":"(anonymous_3)","decl":{"start":{"line":53,"column":11},"end":{"line":53,"column":12}},"loc":{"start":{"line":53,"column":22},"end":{"line":55,"column":5}},"line":53},"4":{"name":"(anonymous_4)","decl":{"start":{"line":58,"column":23},"end":{"line":58,"column":24}},"loc":{"start":{"line":58,"column":29},"end":{"line":61,"column":3}},"line":58},"5":{"name":"registerForPushNotificationsAsync","decl":{"start":{"line":97,"column":15},"end":{"line":97,"column":48}},"loc":{"start":{"line":97,"column":51},"end":{"line":126,"column":1}},"line":97}},"branchMap":{"0":{"loc":{"start":{"line":21,"column":1},"end":{"line":25,"column":2}},"type":"if","locations":[{"start":{"line":21,"column":1},"end":{"line":25,"column":2}},{"start":{"line":21,"column":1},"end":{"line":25,"column":2}}],"line":21},"1":{"loc":{"start":{"line":27,"column":19},"end":{"line":63,"column":3}},"type":"cond-expr","locations":[{"start":{"line":27,"column":61},"end":{"line":27,"column":65}},{"start":{"line":27,"column":66},"end":{"line":63,"column":3}}],"line":27},"2":{"loc":{"start":{"line":29,"column":2},"end":{"line":56,"column":3}},"type":"if","locations":[{"start":{"line":29,"column":2},"end":{"line":56,"column":3}},{"start":{"line":29,"column":2},"end":{"line":56,"column":3}}],"line":29},"3":{"loc":{"start":{"line":31,"column":3},"end":{"line":35,"column":4}},"type":"if","locations":[{"start":{"line":31,"column":3},"end":{"line":35,"column":4}},{"start":{"line":31,"column":3},"end":{"line":35,"column":4}}],"line":31},"4":{"loc":{"start":{"line":33,"column":10},"end":{"line":35,"column":4}},"type":"if","locations":[{"start":{"line":33,"column":10},"end":{"line":35,"column":4}},{"start":{"line":33,"column":10},"end":{"line":35,"column":4}}],"line":33},"5":{"loc":{"start":{"line":46,"column":7},"end":{"line":48,"column":26}},"type":"cond-expr","locations":[{"start":{"line":47,"column":10},"end":{"line":47,"column":41}},{"start":{"line":48,"column":10},"end":{"line":48,"column":26}}],"line":46},"6":{"loc":{"start":{"line":99,"column":1},"end":{"line":114,"column":2}},"type":"if","locations":[{"start":{"line":99,"column":1},"end":{"line":114,"column":2}},{"start":{"line":99,"column":1},"end":{"line":114,"column":2}}],"line":99},"7":{"loc":{"start":{"line":103,"column":2},"end":{"line":106,"column":3}},"type":"if","locations":[{"start":{"line":103,"column":2},"end":{"line":106,"column":3}},{"start":{"line":103,"column":2},"end":{"line":106,"column":3}}],"line":103},"8":{"loc":{"start":{"line":107,"column":2},"end":{"line":110,"column":3}},"type":"if","locations":[{"start":{"line":107,"column":2},"end":{"line":110,"column":3}},{"start":{"line":107,"column":2},"end":{"line":110,"column":3}}],"line":107},"9":{"loc":{"start":{"line":116,"column":1},"end":{"line":123,"column":2}},"type":"if","locations":[{"start":{"line":116,"column":1},"end":{"line":123,"column":2}},{"start":{"line":116,"column":1},"end":{"line":123,"column":2}}],"line":116}},"s":{"0":2,"1":2,"2":0,"3":2,"4":0,"5":0,"6":0,"7":0,"8":0,"9":0,"10":0,"11":0,"12":0,"13":0,"14":0,"15":0,"16":0,"17":0,"18":2,"19":2,"20":2,"21":2,"22":0,"23":0,"24":0,"25":0,"26":0,"27":0,"28":0,"29":0,"30":0,"31":0,"32":0,"33":0},"f":{"0":2,"1":0,"2":0,"3":0,"4":0,"5":2},"b":{"0":[2,0],"1":[2,0],"2":[0,0],"3":[0,0],"4":[0,0],"5":[0,0],"6":[2,0],"7":[0,0],"8":[0,0],"9":[0,0]},"_coverageSchema":"1a1c01bbd47fc00a2c39e90264f33305004495a9","hash":"69ba6f36e589b0ab7ba8ba17153bba1079b16e5e"}
,"E:\\Capstone\\koha\\app\\screens\\UserTypeScreen.js": {"path":"E:\\Capstone\\koha\\app\\screens\\UserTypeScreen.js","statementMap":{"0":{"start":{"line":23,"column":31},"end":{"line":23,"column":46}},"1":{"start":{"line":24,"column":19},"end":{"line":26,"column":2}},"2":{"start":{"line":25,"column":2},"end":{"line":25,"column":19}},"3":{"start":{"line":28,"column":1},"end":{"line":36,"column":2}},"4":{"start":{"line":29,"column":2},"end":{"line":35,"column":4}},"5":{"start":{"line":31,"column":4},"end":{"line":33,"column":6}},"6":{"start":{"line":32,"column":5},"end":{"line":32,"column":24}},"7":{"start":{"line":38,"column":1},"end":{"line":46,"column":2}},"8":{"start":{"line":39,"column":2},"end":{"line":45,"column":4}},"9":{"start":{"line":42,"column":20},"end":{"line":42,"column":36}},"10":{"start":{"line":48,"column":1},"end":{"line":104,"column":3}},"11":{"start":{"line":60,"column":23},"end":{"line":60,"column":62}},"12":{"start":{"line":61,"column":6},"end":{"line":63,"column":9}},"13":{"start":{"line":64,"column":6},"end":{"line":64,"column":33}},"14":{"start":{"line":72,"column":23},"end":{"line":72,"column":62}},"15":{"start":{"line":73,"column":6},"end":{"line":75,"column":9}},"16":{"start":{"line":76,"column":6},"end":{"line":76,"column":33}},"17":{"start":{"line":84,"column":23},"end":{"line":84,"column":62}},"18":{"start":{"line":85,"column":6},"end":{"line":87,"column":9}},"19":{"start":{"line":88,"column":6},"end":{"line":88,"column":33}},"20":{"start":{"line":96,"column":6},"end":{"line":96,"column":32}},"21":{"start":{"line":97,"column":6},"end":{"line":97,"column":35}},"22":{"start":{"line":107,"column":15},"end":{"line":157,"column":2}}},"fnMap":{"0":{"name":"UserTypeScreen","decl":{"start":{"line":22,"column":9},"end":{"line":22,"column":23}},"loc":{"start":{"line":22,"column":40},"end":{"line":105,"column":1}},"line":22},"1":{"name":"(anonymous_1)","decl":{"start":{"line":24,"column":19},"end":{"line":24,"column":20}},"loc":{"start":{"line":24,"column":31},"end":{"line":26,"column":2}},"line":24},"2":{"name":"(anonymous_2)","decl":{"start":{"line":30,"column":3},"end":{"line":30,"column":4}},"loc":{"start":{"line":31,"column":4},"end":{"line":33,"column":6}},"line":31},"3":{"name":"(anonymous_3)","decl":{"start":{"line":31,"column":43},"end":{"line":31,"column":44}},"loc":{"start":{"line":31,"column":50},"end":{"line":33,"column":5}},"line":31},"4":{"name":"(anonymous_4)","decl":{"start":{"line":42,"column":14},"end":{"line":42,"column":15}},"loc":{"start":{"line":42,"column":20},"end":{"line":42,"column":36}},"line":42},"5":{"name":"(anonymous_5)","decl":{"start":{"line":43,"column":13},"end":{"line":43,"column":14}},"loc":{"start":{"line":43,"column":19},"end":{"line":43,"column":21}},"line":43},"6":{"name":"(anonymous_6)","decl":{"start":{"line":59,"column":14},"end":{"line":59,"column":15}},"loc":{"start":{"line":59,"column":20},"end":{"line":65,"column":6}},"line":59},"7":{"name":"(anonymous_7)","decl":{"start":{"line":71,"column":14},"end":{"line":71,"column":15}},"loc":{"start":{"line":71,"column":20},"end":{"line":77,"column":6}},"line":71},"8":{"name":"(anonymous_8)","decl":{"start":{"line":83,"column":14},"end":{"line":83,"column":15}},"loc":{"start":{"line":83,"column":20},"end":{"line":89,"column":6}},"line":83},"9":{"name":"(anonymous_9)","decl":{"start":{"line":95,"column":14},"end":{"line":95,"column":15}},"loc":{"start":{"line":95,"column":20},"end":{"line":98,"column":6}},"line":95}},"branchMap":{"0":{"loc":{"start":{"line":28,"column":1},"end":{"line":36,"column":2}},"type":"if","locations":[{"start":{"line":28,"column":1},"end":{"line":36,"column":2}},{"start":{"line":28,"column":1},"end":{"line":36,"column":2}}],"line":28},"1":{"loc":{"start":{"line":38,"column":1},"end":{"line":46,"column":2}},"type":"if","locations":[{"start":{"line":38,"column":1},"end":{"line":46,"column":2}},{"start":{"line":38,"column":1},"end":{"line":46,"column":2}}],"line":38},"2":{"loc":{"start":{"line":38,"column":5},"end":{"line":38,"column":57}},"type":"binary-expr","locations":[{"start":{"line":38,"column":5},"end":{"line":38,"column":45}},{"start":{"line":38,"column":49},"end":{"line":38,"column":57}}],"line":38}},"s":{"0":1,"1":1,"2":0,"3":1,"4":0,"5":0,"6":0,"7":1,"8":0,"9":0,"10":1,"11":0,"12":0,"13":0,"14":0,"15":0,"16":0,"17":0,"18":0,"19":0,"20":0,"21":0,"22":2},"f":{"0":1,"1":0,"2":0,"3":0,"4":0,"5":0,"6":0,"7":0,"8":0,"9":0},"b":{"0":[0,1],"1":[0,1],"2":[1,0]},"_coverageSchema":"1a1c01bbd47fc00a2c39e90264f33305004495a9","hash":"c881d396344d4bed4114ab06c36fe100f85b650f"}
,"E:\\Capstone\\koha\\app\\screens\\VerifyEmail.js": {"path":"E:\\Capstone\\koha\\app\\screens\\VerifyEmail.js","statementMap":{"0":{"start":{"line":20,"column":27},"end":{"line":20,"column":102}},"1":{"start":{"line":21,"column":23},"end":{"line":21,"column":37}},"2":{"start":{"line":22,"column":25},"end":{"line":22,"column":39}},"3":{"start":{"line":23,"column":41},"end":{"line":23,"column":56}},"4":{"start":{"line":24,"column":35},"end":{"line":24,"column":50}},"5":{"start":{"line":25,"column":35},"end":{"line":25,"column":50}},"6":{"start":{"line":26,"column":45},"end":{"line":26,"column":60}},"7":{"start":{"line":28,"column":19},"end":{"line":45,"column":3}},"8":{"start":{"line":29,"column":2},"end":{"line":44,"column":3}},"9":{"start":{"line":30,"column":3},"end":{"line":30,"column":56}},"10":{"start":{"line":31,"column":3},"end":{"line":31,"column":17}},"11":{"start":{"line":32,"column":3},"end":{"line":32,"column":24}},"12":{"start":{"line":34,"column":12},"end":{"line":43,"column":11}},"13":{"start":{"line":35,"column":4},"end":{"line":42,"column":5}},"14":{"start":{"line":36,"column":5},"end":{"line":36,"column":51}},"15":{"start":{"line":37,"column":5},"end":{"line":37,"column":37}},"16":{"start":{"line":38,"column":5},"end":{"line":38,"column":23}},"17":{"start":{"line":39,"column":5},"end":{"line":39,"column":19}},"18":{"start":{"line":41,"column":5},"end":{"line":41,"column":19}},"19":{"start":{"line":48,"column":2},"end":{"line":52,"column":5}},"20":{"start":{"line":49,"column":3},"end":{"line":49,"column":50}},"21":{"start":{"line":50,"column":3},"end":{"line":50,"column":31}},"22":{"start":{"line":51,"column":3},"end":{"line":51,"column":25}},"23":{"start":{"line":54,"column":2},"end":{"line":56,"column":4}},"24":{"start":{"line":57,"column":2},"end":{"line":57,"column":24}},"25":{"start":{"line":60,"column":2},"end":{"line":60,"column":26}},"26":{"start":{"line":61,"column":11},"end":{"line":64,"column":15}},"27":{"start":{"line":62,"column":3},"end":{"line":62,"column":28}},"28":{"start":{"line":63,"column":3},"end":{"line":63,"column":21}},"29":{"start":{"line":68,"column":2},"end":{"line":73,"column":4}},"30":{"start":{"line":75,"column":1},"end":{"line":77,"column":2}},"31":{"start":{"line":76,"column":2},"end":{"line":76,"column":12}},"32":{"start":{"line":79,"column":1},"end":{"line":151,"column":3}},"33":{"start":{"line":87,"column":5},"end":{"line":87,"column":28}},"34":{"start":{"line":98,"column":8},"end":{"line":98,"column":31}},"35":{"start":{"line":112,"column":6},"end":{"line":112,"column":32}},"36":{"start":{"line":113,"column":6},"end":{"line":113,"column":35}},"37":{"start":{"line":142,"column":7},"end":{"line":142,"column":26}},"38":{"start":{"line":143,"column":7},"end":{"line":143,"column":21}},"39":{"start":{"line":154,"column":15},"end":{"line":291,"column":2}}},"fnMap":{"0":{"name":"VerifyEmail","decl":{"start":{"line":19,"column":9},"end":{"line":19,"column":20}},"loc":{"start":{"line":19,"column":37},"end":{"line":152,"column":1}},"line":19},"1":{"name":"(anonymous_1)","decl":{"start":{"line":28,"column":102},"end":{"line":28,"column":103}},"loc":{"start":{"line":28,"column":112},"end":{"line":45,"column":2}},"line":28},"2":{"name":"(anonymous_2)","decl":{"start":{"line":34,"column":24},"end":{"line":34,"column":25}},"loc":{"start":{"line":34,"column":30},"end":{"line":43,"column":4}},"line":34},"3":{"name":"resendEmail","decl":{"start":{"line":47,"column":10},"end":{"line":47,"column":21}},"loc":{"start":{"line":47,"column":24},"end":{"line":65,"column":2}},"line":47},"4":{"name":"(anonymous_4)","decl":{"start":{"line":48,"column":37},"end":{"line":48,"column":38}},"loc":{"start":{"line":48,"column":48},"end":{"line":52,"column":3}},"line":48},"5":{"name":"(anonymous_5)","decl":{"start":{"line":61,"column":23},"end":{"line":61,"column":24}},"loc":{"start":{"line":61,"column":29},"end":{"line":64,"column":3}},"line":61},"6":{"name":"(anonymous_6)","decl":{"start":{"line":86,"column":20},"end":{"line":86,"column":21}},"loc":{"start":{"line":86,"column":26},"end":{"line":88,"column":5}},"line":86},"7":{"name":"(anonymous_7)","decl":{"start":{"line":97,"column":16},"end":{"line":97,"column":17}},"loc":{"start":{"line":97,"column":22},"end":{"line":99,"column":8}},"line":97},"8":{"name":"(anonymous_8)","decl":{"start":{"line":111,"column":14},"end":{"line":111,"column":15}},"loc":{"start":{"line":111,"column":20},"end":{"line":114,"column":6}},"line":111},"9":{"name":"(anonymous_9)","decl":{"start":{"line":141,"column":15},"end":{"line":141,"column":16}},"loc":{"start":{"line":141,"column":21},"end":{"line":144,"column":7}},"line":141}},"branchMap":{"0":{"loc":{"start":{"line":20,"column":36},"end":{"line":20,"column":101}},"type":"cond-expr","locations":[{"start":{"line":20,"column":78},"end":{"line":20,"column":97}},{"start":{"line":20,"column":99},"end":{"line":20,"column":101}}],"line":20},"1":{"loc":{"start":{"line":28,"column":19},"end":{"line":45,"column":3}},"type":"cond-expr","locations":[{"start":{"line":28,"column":61},"end":{"line":28,"column":65}},{"start":{"line":28,"column":67},"end":{"line":45,"column":3}}],"line":28},"2":{"loc":{"start":{"line":29,"column":2},"end":{"line":44,"column":3}},"type":"if","locations":[{"start":{"line":29,"column":2},"end":{"line":44,"column":3}},{"start":{"line":29,"column":2},"end":{"line":44,"column":3}}],"line":29},"3":{"loc":{"start":{"line":35,"column":4},"end":{"line":42,"column":5}},"type":"if","locations":[{"start":{"line":35,"column":4},"end":{"line":42,"column":5}},{"start":{"line":35,"column":4},"end":{"line":42,"column":5}}],"line":35},"4":{"loc":{"start":{"line":75,"column":1},"end":{"line":77,"column":2}},"type":"if","locations":[{"start":{"line":75,"column":1},"end":{"line":77,"column":2}},{"start":{"line":75,"column":1},"end":{"line":77,"column":2}}],"line":75},"5":{"loc":{"start":{"line":107,"column":17},"end":{"line":107,"column":63}},"type":"cond-expr","locations":[{"start":{"line":107,"column":23},"end":{"line":107,"column":43}},{"start":{"line":107,"column":46},"end":{"line":107,"column":63}}],"line":107},"6":{"loc":{"start":{"line":128,"column":5},"end":{"line":136,"column":5}},"type":"binary-expr","locations":[{"start":{"line":128,"column":5},"end":{"line":128,"column":14}},{"start":{"line":129,"column":5},"end":{"line":135,"column":12}}],"line":128},"7":{"loc":{"start":{"line":137,"column":5},"end":{"line":148,"column":5}},"type":"binary-expr","locations":[{"start":{"line":137,"column":5},"end":{"line":137,"column":15}},{"start":{"line":138,"column":5},"end":{"line":147,"column":24}}],"line":137}},"s":{"0":1,"1":1,"2":1,"3":1,"4":1,"5":1,"6":1,"7":1,"8":0,"9":0,"10":0,"11":0,"12":0,"13":0,"14":0,"15":0,"16":0,"17":0,"18":0,"19":0,"20":0,"21":0,"22":0,"23":0,"24":0,"25":0,"26":0,"27":0,"28":0,"29":1,"30":1,"31":1,"32":1,"33":0,"34":0,"35":0,"36":0,"37":0,"38":0,"39":2},"f":{"0":1,"1":0,"2":0,"3":0,"4":0,"5":0,"6":0,"7":0,"8":0,"9":0},"b":{"0":[1,0],"1":[1,0],"2":[0,0],"3":[0,0],"4":[1,0],"5":[1,0],"6":[1,0],"7":[1,1]},"_coverageSchema":"1a1c01bbd47fc00a2c39e90264f33305004495a9","hash":"f283d265ffd30211dcc81eb7e973e17c74c816cc"}
}
