TN:
SF:App.js
FN:53,(anonymous_0)
FN:62,(anonymous_1)
FN:69,App
FNF:3
FNH:3
FNDA:1,(anonymous_0)
FNDA:1,(anonymous_1)
FNDA:1,App
DA:28,1
DA:29,1
DA:30,1
DA:31,1
DA:32,1
DA:34,1
DA:47,1
DA:48,1
DA:50,0
DA:53,1
DA:54,1
DA:55,1
DA:59,1
DA:62,1
DA:68,1
DA:70,1
LF:16
LH:15
BRDA:47,0,0,1
BRDA:47,0,1,0
BRDA:54,1,0,0
BRDA:54,1,1,1
BRF:4
BRH:2
end_of_record
TN:
SF:app\assets\logo.png
FNF:0
FNH:0
DA:1,4
LF:1
LH:1
BRF:0
BRH:0
end_of_record
TN:
SF:app\assets\fonts\VolteRounded-Bold.ttf
FNF:0
FNH:0
DA:1,1
LF:1
LH:1
BRF:0
BRH:0
end_of_record
TN:
SF:app\config\api.js
FNF:0
FNH:0
LF:0
LH:0
BRF:0
BRH:0
end_of_record
TN:
SF:app\config\colours.js
FNF:0
FNH:0
LF:0
LH:0
BRF:0
BRH:0
end_of_record
TN:
SF:app\config\gui.js
FNF:0
FNH:0
DA:5,20
LF:1
LH:1
BRF:0
BRH:0
end_of_record
TN:
SF:app\config\roles.js
FNF:0
FNH:0
LF:0
LH:0
BRF:0
BRH:0
end_of_record
TN:
SF:app\config\styles.js
FN:5,FormStyle
FNF:1
FNH:1
FNDA:13,FormStyle
DA:6,13
LF:1
LH:1
BRDA:16,0,0,13
BRDA:16,0,1,0
BRF:2
BRH:1
end_of_record
TN:
SF:app\config\useFonts.js
FN:4,(anonymous_0)
FNF:1
FNH:1
FNDA:1,(anonymous_0)
DA:5,1
LF:1
LH:1
BRF:0
BRH:0
end_of_record
TN:
SF:app\screens\CreateAccount.js
FN:24,CreateAccount
FN:37,(anonymous_1)
FN:41,ConvertDate
FN:58,setDate
FN:63,SubmitData
FN:106,(anonymous_5)
FN:124,(anonymous_6)
FN:129,(anonymous_7)
FN:137,(anonymous_8)
FN:142,(anonymous_9)
FN:151,(anonymous_10)
FN:168,(anonymous_11)
FN:169,(anonymous_12)
FN:180,(anonymous_13)
FN:191,(anonymous_14)
FN:208,(anonymous_15)
FN:221,(anonymous_16)
FN:229,(anonymous_17)
FN:239,(anonymous_18)
FN:250,(anonymous_19)
FN:257,(anonymous_20)
FN:267,(anonymous_21)
FN:275,(anonymous_22)
FN:287,(anonymous_23)
FNF:24
FNH:5
FNDA:2,CreateAccount
FNDA:1,(anonymous_1)
FNDA:2,ConvertDate
FNDA:0,setDate
FNDA:0,SubmitData
FNDA:0,(anonymous_5)
FNDA:0,(anonymous_6)
FNDA:0,(anonymous_7)
FNDA:0,(anonymous_8)
FNDA:0,(anonymous_9)
FNDA:0,(anonymous_10)
FNDA:1,(anonymous_11)
FNDA:1,(anonymous_12)
FNDA:0,(anonymous_13)
FNDA:0,(anonymous_14)
FNDA:0,(anonymous_15)
FNDA:0,(anonymous_16)
FNDA:0,(anonymous_17)
FNDA:0,(anonymous_18)
FNDA:0,(anonymous_19)
FNDA:0,(anonymous_20)
FNDA:0,(anonymous_21)
FNDA:0,(anonymous_22)
FNDA:0,(anonymous_23)
DA:25,2
DA:26,2
DA:27,2
DA:28,2
DA:29,2
DA:30,2
DA:31,2
DA:32,2
DA:33,2
DA:34,2
DA:35,2
DA:37,2
DA:38,1
DA:42,2
DA:43,0
DA:45,2
DA:46,2
DA:47,2
DA:59,0
DA:60,0
DA:70,0
DA:72,0
DA:73,0
DA:74,0
DA:77,0
DA:78,0
DA:79,0
DA:82,0
DA:83,0
DA:84,0
DA:87,0
DA:88,0
DA:89,0
DA:92,0
DA:93,0
DA:94,0
DA:97,0
DA:98,0
DA:99,0
DA:101,0
DA:103,0
DA:107,0
DA:108,0
DA:111,0
DA:112,0
DA:125,0
DA:130,0
DA:133,0
DA:138,0
DA:142,0
DA:143,0
DA:144,0
DA:145,0
DA:149,0
DA:152,0
DA:153,0
DA:154,0
DA:155,0
DA:156,0
DA:158,0
DA:164,2
DA:165,1
DA:168,1
DA:173,1
DA:181,0
DA:192,0
DA:209,0
DA:221,0
DA:229,0
DA:239,0
DA:251,0
DA:257,0
DA:267,0
DA:275,0
DA:287,0
DA:300,2
LF:76
LH:22
BRDA:42,0,0,0
BRDA:42,0,1,2
BRDA:48,1,0,0
BRDA:48,1,1,2
BRDA:50,2,0,0
BRDA:50,2,1,2
BRDA:64,3,0,0
BRDA:65,4,0,0
BRDA:66,5,0,0
BRDA:67,6,0,0
BRDA:68,7,0,0
BRDA:70,8,0,0
BRDA:70,8,1,0
BRDA:70,8,2,0
BRDA:70,8,3,0
BRDA:70,8,4,0
BRDA:70,8,5,0
BRDA:164,9,0,1
BRDA:164,9,1,1
BRDA:201,10,0,0
BRDA:201,10,1,1
BRDA:218,11,0,1
BRDA:218,11,1,0
BRDA:236,12,0,1
BRDA:236,12,1,1
BRDA:244,13,0,1
BRDA:244,13,1,1
BRDA:244,13,2,1
BRDA:244,13,3,0
BRDA:284,14,0,1
BRDA:284,14,1,1
BRDA:292,15,0,1
BRDA:292,15,1,0
BRF:33
BRH:15
end_of_record
TN:
SF:app\screens\EditListingScreen.js
FN:24,EditListingScreen
FN:110,categoryOpened
FN:117,allergenOpened
FN:124,collectionOpened
FN:130,conditionOpened
FN:137,ConvertDate
FN:154,deleteListing
FN:164,(anonymous_7)
FN:169,(anonymous_8)
FN:179,(anonymous_9)
FN:184,(anonymous_10)
FN:192,(anonymous_11)
FN:200,(anonymous_12)
FN:203,(anonymous_13)
FN:218,(anonymous_14)
FN:221,(anonymous_15)
FN:227,(anonymous_16)
FN:244,updateListing
FN:296,(anonymous_18)
FN:301,(anonymous_19)
FN:362,(anonymous_20)
FN:367,(anonymous_21)
FN:415,(anonymous_22)
FN:420,(anonymous_23)
FN:468,(anonymous_24)
FN:473,(anonymous_25)
FN:483,setDate
FN:491,(anonymous_27)
FN:497,(anonymous_28)
FN:498,(anonymous_29)
FN:525,(anonymous_30)
FN:537,(anonymous_31)
FN:552,(anonymous_32)
FN:560,(anonymous_33)
FN:575,(anonymous_34)
FN:586,(anonymous_35)
FN:611,(anonymous_36)
FN:618,(anonymous_37)
FN:626,(anonymous_38)
FN:630,(anonymous_39)
FN:631,(anonymous_40)
FN:632,(anonymous_41)
FN:664,(anonymous_42)
FN:671,(anonymous_43)
FN:681,(anonymous_44)
FN:692,(anonymous_45)
FN:704,(anonymous_46)
FN:705,(anonymous_47)
FN:720,(anonymous_48)
FN:721,(anonymous_49)
FN:734,(anonymous_50)
FN:744,(anonymous_51)
FN:745,(anonymous_52)
FN:764,(anonymous_53)
FN:765,(anonymous_54)
FN:780,(anonymous_55)
FN:781,(anonymous_56)
FN:794,(anonymous_57)
FN:804,(anonymous_58)
FN:805,(anonymous_59)
FN:822,(anonymous_60)
FN:836,(anonymous_61)
FN:837,(anonymous_62)
FN:853,(anonymous_63)
FN:861,(anonymous_64)
FN:869,(anonymous_65)
FN:950,sendPushNotification
FNF:67
FNH:2
FNDA:1,EditListingScreen
FNDA:0,categoryOpened
FNDA:0,allergenOpened
FNDA:0,collectionOpened
FNDA:0,conditionOpened
FNDA:2,ConvertDate
FNDA:0,deleteListing
FNDA:0,(anonymous_7)
FNDA:0,(anonymous_8)
FNDA:0,(anonymous_9)
FNDA:0,(anonymous_10)
FNDA:0,(anonymous_11)
FNDA:0,(anonymous_12)
FNDA:0,(anonymous_13)
FNDA:0,(anonymous_14)
FNDA:0,(anonymous_15)
FNDA:0,(anonymous_16)
FNDA:0,updateListing
FNDA:0,(anonymous_18)
FNDA:0,(anonymous_19)
FNDA:0,(anonymous_20)
FNDA:0,(anonymous_21)
FNDA:0,(anonymous_22)
FNDA:0,(anonymous_23)
FNDA:0,(anonymous_24)
FNDA:0,(anonymous_25)
FNDA:0,setDate
FNDA:0,(anonymous_27)
FNDA:0,(anonymous_28)
FNDA:0,(anonymous_29)
FNDA:0,(anonymous_30)
FNDA:0,(anonymous_31)
FNDA:0,(anonymous_32)
FNDA:0,(anonymous_33)
FNDA:0,(anonymous_34)
FNDA:0,(anonymous_35)
FNDA:0,(anonymous_36)
FNDA:0,(anonymous_37)
FNDA:0,(anonymous_38)
FNDA:0,(anonymous_39)
FNDA:0,(anonymous_40)
FNDA:0,(anonymous_41)
FNDA:0,(anonymous_42)
FNDA:0,(anonymous_43)
FNDA:0,(anonymous_44)
FNDA:0,(anonymous_45)
FNDA:0,(anonymous_46)
FNDA:0,(anonymous_47)
FNDA:0,(anonymous_48)
FNDA:0,(anonymous_49)
FNDA:0,(anonymous_50)
FNDA:0,(anonymous_51)
FNDA:0,(anonymous_52)
FNDA:0,(anonymous_53)
FNDA:0,(anonymous_54)
FNDA:0,(anonymous_55)
FNDA:0,(anonymous_56)
FNDA:0,(anonymous_57)
FNDA:0,(anonymous_58)
FNDA:0,(anonymous_59)
FNDA:0,(anonymous_60)
FNDA:0,(anonymous_61)
FNDA:0,(anonymous_62)
FNDA:0,(anonymous_63)
FNDA:0,(anonymous_64)
FNDA:0,(anonymous_65)
FNDA:0,sendPushNotification
DA:25,1
DA:26,1
DA:27,1
DA:28,1
DA:29,1
DA:31,1
DA:32,1
DA:33,1
DA:34,1
DA:35,1
DA:37,1
DA:38,1
DA:39,1
DA:40,1
DA:43,1
DA:44,1
DA:45,1
DA:46,1
DA:47,1
DA:48,1
DA:49,1
DA:50,1
DA:51,1
DA:54,1
DA:55,1
DA:56,1
DA:59,1
DA:62,1
DA:64,1
DA:74,1
DA:82,1
DA:87,1
DA:96,1
DA:101,1
DA:111,0
DA:112,0
DA:113,0
DA:114,0
DA:115,0
DA:118,0
DA:119,0
DA:120,0
DA:121,0
DA:122,0
DA:125,0
DA:126,0
DA:127,0
DA:128,0
DA:131,0
DA:132,0
DA:133,0
DA:134,0
DA:138,2
DA:139,0
DA:141,2
DA:142,2
DA:143,2
DA:155,0
DA:158,0
DA:165,0
DA:166,0
DA:167,0
DA:170,0
DA:171,0
DA:172,0
DA:176,0
DA:180,0
DA:181,0
DA:182,0
DA:184,0
DA:185,0
DA:186,0
DA:189,0
DA:190,0
DA:192,0
DA:193,0
DA:195,0
DA:201,0
DA:204,0
DA:208,0
DA:219,0
DA:222,0
DA:227,0
DA:228,0
DA:230,0
DA:231,0
DA:238,0
DA:245,0
DA:247,0
DA:249,0
DA:251,0
DA:252,0
DA:253,0
DA:256,0
DA:257,0
DA:258,0
DA:261,0
DA:262,0
DA:263,0
DA:266,0
DA:267,0
DA:268,0
DA:271,0
DA:272,0
DA:273,0
DA:276,0
DA:277,0
DA:278,0
DA:281,0
DA:297,0
DA:298,0
DA:299,0
DA:302,0
DA:303,0
DA:304,0
DA:306,0
DA:309,0
DA:311,0
DA:312,0
DA:313,0
DA:316,0
DA:317,0
DA:318,0
DA:321,0
DA:322,0
DA:323,0
DA:326,0
DA:327,0
DA:328,0
DA:332,0
DA:333,0
DA:334,0
DA:337,0
DA:338,0
DA:339,0
DA:342,0
DA:343,0
DA:344,0
DA:347,0
DA:363,0
DA:364,0
DA:365,0
DA:368,0
DA:369,0
DA:370,0
DA:372,0
DA:375,0
DA:377,0
DA:378,0
DA:379,0
DA:382,0
DA:383,0
DA:384,0
DA:387,0
DA:388,0
DA:389,0
DA:392,0
DA:393,0
DA:394,0
DA:397,0
DA:398,0
DA:399,0
DA:402,0
DA:416,0
DA:417,0
DA:418,0
DA:421,0
DA:422,0
DA:423,0
DA:425,0
DA:428,0
DA:430,0
DA:431,0
DA:432,0
DA:435,0
DA:436,0
DA:437,0
DA:440,0
DA:441,0
DA:442,0
DA:445,0
DA:446,0
DA:447,0
DA:450,0
DA:451,0
DA:452,0
DA:455,0
DA:469,0
DA:470,0
DA:471,0
DA:474,0
DA:475,0
DA:476,0
DA:478,0
DA:484,0
DA:485,0
DA:486,0
DA:489,1
DA:491,0
DA:492,0
DA:493,0
DA:498,0
DA:499,0
DA:500,0
DA:501,0
DA:502,0
DA:503,0
DA:504,0
DA:505,0
DA:514,0
DA:515,0
DA:516,0
DA:517,0
DA:518,0
DA:519,0
DA:521,0
DA:525,0
DA:530,1
DA:538,0
DA:553,0
DA:561,0
DA:562,0
DA:576,0
DA:587,0
DA:588,0
DA:589,0
DA:590,0
DA:611,0
DA:618,0
DA:626,0
DA:630,0
DA:631,0
DA:633,0
DA:664,0
DA:671,0
DA:681,0
DA:693,0
DA:704,0
DA:705,0
DA:720,0
DA:721,0
DA:734,0
DA:744,0
DA:745,0
DA:764,0
DA:765,0
DA:780,0
DA:781,0
DA:794,0
DA:804,0
DA:805,0
DA:822,0
DA:836,0
DA:837,0
DA:854,0
DA:862,0
DA:870,0
DA:882,2
DA:884,2
DA:951,0
DA:958,0
LF:261
LH:42
BRDA:26,0,0,1
BRDA:26,0,1,0
BRDA:27,1,0,1
BRDA:27,1,1,0
BRDA:138,2,0,0
BRDA:138,2,1,2
BRDA:144,3,0,0
BRDA:144,3,1,2
BRDA:146,4,0,0
BRDA:146,4,1,2
BRDA:230,5,0,0
BRDA:230,5,1,0
BRDA:230,6,0,0
BRDA:230,6,1,0
BRDA:247,7,0,0
BRDA:247,7,1,0
BRDA:247,7,2,0
BRDA:247,7,3,0
BRDA:249,8,0,0
BRDA:249,8,1,0
BRDA:249,8,2,0
BRDA:249,8,3,0
BRDA:249,8,4,0
BRDA:249,8,5,0
BRDA:260,9,0,0
BRDA:260,9,1,0
BRDA:265,10,0,0
BRDA:265,10,1,0
BRDA:309,11,0,0
BRDA:309,11,1,0
BRDA:309,11,2,0
BRDA:309,11,3,0
BRDA:309,11,4,0
BRDA:309,11,5,0
BRDA:309,11,6,0
BRDA:320,12,0,0
BRDA:320,12,1,0
BRDA:325,13,0,0
BRDA:325,13,1,0
BRDA:375,14,0,0
BRDA:375,14,1,0
BRDA:375,14,2,0
BRDA:375,14,3,0
BRDA:375,14,4,0
BRDA:386,15,0,0
BRDA:386,15,1,0
BRDA:391,16,0,0
BRDA:391,16,1,0
BRDA:428,17,0,0
BRDA:428,17,1,0
BRDA:428,17,2,0
BRDA:428,17,3,0
BRDA:428,17,4,0
BRDA:439,18,0,0
BRDA:439,18,1,0
BRDA:489,19,0,0
BRDA:489,19,1,1
BRDA:588,20,0,0
BRDA:588,20,1,0
BRDA:603,21,0,1
BRDA:603,21,1,0
BRDA:606,22,0,1
BRDA:606,22,1,1
BRDA:656,23,0,1
BRDA:656,23,1,1
BRDA:658,24,0,0
BRDA:658,24,1,1
BRDA:661,25,0,1
BRDA:661,25,1,1
BRDA:661,25,2,0
BRDA:678,26,0,1
BRDA:678,26,1,1
BRDA:678,26,2,1
BRDA:686,27,0,1
BRDA:686,27,1,1
BRDA:686,27,2,1
BRDA:686,27,3,0
BRDA:697,28,0,1
BRDA:697,28,1,0
BRDA:757,29,0,1
BRDA:757,29,1,0
BRDA:817,30,0,1
BRDA:817,30,1,0
BRDA:829,31,0,1
BRDA:829,31,1,0
BRF:85
BRH:24
end_of_record
TN:
SF:app\screens\Entry.js
FN:17,Entry
FN:19,(anonymous_1)
FN:26,(anonymous_2)
FN:27,(anonymous_3)
FN:41,(anonymous_4)
FN:47,(anonymous_5)
FNF:6
FNH:2
FNDA:1,Entry
FNDA:1,(anonymous_1)
FNDA:0,(anonymous_2)
FNDA:0,(anonymous_3)
FNDA:0,(anonymous_4)
FNDA:0,(anonymous_5)
DA:18,1
DA:19,1
DA:20,1
DA:22,1
DA:23,1
DA:26,0
DA:31,0
DA:41,0
DA:47,0
DA:56,2
LF:10
LH:6
BRDA:22,0,0,1
BRDA:22,0,1,0
BRF:2
BRH:1
end_of_record
TN:
SF:app\screens\GiveKoha.js
FN:10,ShowBusinessOptions
FN:17,(anonymous_1)
FN:23,(anonymous_2)
FN:32,GiveKoha
FN:34,(anonymous_4)
FN:41,(anonymous_5)
FN:42,(anonymous_6)
FN:54,(anonymous_7)
FN:60,(anonymous_8)
FN:70,(anonymous_9)
FNF:10
FNH:2
FNDA:1,ShowBusinessOptions
FNDA:0,(anonymous_1)
FNDA:0,(anonymous_2)
FNDA:1,GiveKoha
FNDA:0,(anonymous_4)
FNDA:0,(anonymous_5)
FNDA:0,(anonymous_6)
FNDA:0,(anonymous_7)
FNDA:0,(anonymous_8)
FNDA:0,(anonymous_9)
DA:11,1
DA:12,1
DA:13,1
DA:17,0
DA:23,0
DA:33,1
DA:34,1
DA:35,0
DA:37,1
DA:38,0
DA:41,0
DA:46,1
DA:54,0
DA:60,0
DA:70,0
DA:79,3
DA:80,3
LF:17
LH:9
BRDA:11,0,0,1
BRDA:11,0,1,0
BRDA:12,1,0,1
BRDA:12,1,1,0
BRDA:37,2,0,0
BRDA:37,2,1,1
BRDA:37,3,0,1
BRDA:37,3,1,0
BRF:8
BRH:4
end_of_record
TN:
SF:app\screens\HomeScreen.js
FN:25,HomeScreen
FN:46,(anonymous_1)
FN:50,(anonymous_2)
FN:56,(anonymous_3)
FN:57,(anonymous_4)
FN:66,(anonymous_5)
FN:70,(anonymous_6)
FN:98,(anonymous_7)
FN:101,Search
FN:106,(anonymous_9)
FN:119,FilterListingType
FN:127,(anonymous_11)
FN:129,(anonymous_12)
FN:161,(anonymous_13)
FN:162,(anonymous_14)
FN:169,(anonymous_15)
FN:193,(anonymous_16)
FN:234,(anonymous_17)
FN:237,(anonymous_18)
FN:246,(anonymous_19)
FNF:20
FNH:0
FNDA:0,HomeScreen
FNDA:0,(anonymous_1)
FNDA:0,(anonymous_2)
FNDA:0,(anonymous_3)
FNDA:0,(anonymous_4)
FNDA:0,(anonymous_5)
FNDA:0,(anonymous_6)
FNDA:0,(anonymous_7)
FNDA:0,Search
FNDA:0,(anonymous_9)
FNDA:0,FilterListingType
FNDA:0,(anonymous_11)
FNDA:0,(anonymous_12)
FNDA:0,(anonymous_13)
FNDA:0,(anonymous_14)
FNDA:0,(anonymous_15)
FNDA:0,(anonymous_16)
FNDA:0,(anonymous_17)
FNDA:0,(anonymous_18)
FNDA:0,(anonymous_19)
DA:26,0
DA:27,0
DA:28,0
DA:29,0
DA:30,0
DA:31,0
DA:32,0
DA:34,0
DA:35,0
DA:36,0
DA:46,0
DA:47,0
DA:50,0
DA:52,0
DA:57,0
DA:59,0
DA:63,0
DA:67,0
DA:68,0
DA:70,0
DA:72,0
DA:76,0
DA:77,0
DA:82,0
DA:90,0
DA:91,0
DA:92,0
DA:98,0
DA:102,0
DA:104,0
DA:106,0
DA:107,0
DA:108,0
DA:109,0
DA:110,0
DA:113,0
DA:115,0
DA:120,0
DA:121,0
DA:128,0
DA:129,0
DA:131,0
DA:135,0
DA:142,0
DA:143,0
DA:148,0
DA:149,0
DA:157,0
DA:158,0
DA:161,0
DA:167,0
DA:169,0
DA:194,0
DA:195,0
DA:234,0
DA:237,0
DA:246,0
DA:261,2
LF:58
LH:1
BRDA:59,0,0,0
BRDA:59,0,1,0
BRDA:72,1,0,0
BRDA:72,1,1,0
BRDA:73,2,0,0
BRDA:73,2,1,0
BRDA:76,3,0,0
BRDA:76,3,1,0
BRDA:107,4,0,0
BRDA:107,4,1,0
BRDA:109,5,0,0
BRDA:109,5,1,0
BRDA:113,6,0,0
BRDA:113,6,1,0
BRDA:131,7,0,0
BRDA:131,7,1,0
BRDA:132,8,0,0
BRDA:132,8,1,0
BRDA:142,9,0,0
BRDA:142,9,1,0
BRDA:148,10,0,0
BRDA:148,10,1,0
BRDA:157,11,0,0
BRDA:157,11,1,0
BRDA:173,12,0,0
BRDA:173,12,1,0
BRDA:176,13,0,0
BRDA:176,13,1,0
BRDA:195,14,0,0
BRDA:195,14,1,0
BRDA:198,15,0,0
BRDA:198,15,1,0
BRDA:243,16,0,0
BRDA:243,16,1,0
BRDA:250,17,0,0
BRDA:250,17,1,0
BRDA:268,18,0,2
BRDA:268,18,1,0
BRF:38
BRH:1
end_of_record
TN:
SF:app\screens\ListViewComponent.js
FN:9,(anonymous_0)
FN:16,(anonymous_1)
FN:21,(anonymous_2)
FN:32,(anonymous_3)
FN:33,(anonymous_4)
FN:42,(anonymous_5)
FN:48,(anonymous_6)
FN:73,(anonymous_7)
FN:79,(anonymous_8)
FNF:9
FNH:2
FNDA:1,(anonymous_0)
FNDA:0,(anonymous_1)
FNDA:0,(anonymous_2)
FNDA:0,(anonymous_3)
FNDA:0,(anonymous_4)
FNDA:0,(anonymous_5)
FNDA:0,(anonymous_6)
FNDA:1,(anonymous_7)
FNDA:0,(anonymous_8)
DA:9,3
DA:10,1
DA:11,1
DA:12,1
DA:13,1
DA:14,1
DA:15,1
DA:16,1
DA:17,0
DA:20,1
DA:21,0
DA:22,0
DA:23,0
DA:24,0
DA:25,0
DA:28,0
DA:29,0
DA:32,0
DA:39,1
DA:43,0
DA:49,0
DA:74,1
DA:80,0
DA:104,3
LF:24
LH:12
BRDA:20,0,0,0
BRDA:20,0,1,1
BRDA:28,1,0,0
BRDA:28,1,1,0
BRDA:41,2,0,1
BRDA:41,2,1,1
BRDA:68,3,0,0
BRDA:68,3,1,1
BRDA:110,4,0,3
BRDA:110,4,1,0
BRF:10
BRH:5
end_of_record
TN:
SF:app\screens\ListingDetailScreen.js
FN:21,ListingDetailScreen
FN:32,(anonymous_1)
FN:36,(anonymous_2)
FN:44,(anonymous_3)
FN:50,(anonymous_4)
FN:51,(anonymous_5)
FN:68,(anonymous_6)
FN:71,(anonymous_7)
FN:77,(anonymous_8)
FN:78,(anonymous_9)
FN:90,(anonymous_10)
FN:95,AddWatching
FN:102,(anonymous_12)
FN:106,(anonymous_13)
FN:111,RemoveWatching
FN:118,(anonymous_15)
FN:122,(anonymous_16)
FN:131,(anonymous_17)
FN:140,(anonymous_18)
FN:141,(anonymous_19)
FN:155,(anonymous_20)
FN:164,(anonymous_21)
FN:174,(anonymous_22)
FNF:23
FNH:1
FNDA:1,ListingDetailScreen
FNDA:0,(anonymous_1)
FNDA:0,(anonymous_2)
FNDA:0,(anonymous_3)
FNDA:0,(anonymous_4)
FNDA:0,(anonymous_5)
FNDA:0,(anonymous_6)
FNDA:0,(anonymous_7)
FNDA:0,(anonymous_8)
FNDA:0,(anonymous_9)
FNDA:0,(anonymous_10)
FNDA:0,AddWatching
FNDA:0,(anonymous_12)
FNDA:0,(anonymous_13)
FNDA:0,RemoveWatching
FNDA:0,(anonymous_15)
FNDA:0,(anonymous_16)
FNDA:0,(anonymous_17)
FNDA:0,(anonymous_18)
FNDA:0,(anonymous_19)
FNDA:0,(anonymous_20)
FNDA:0,(anonymous_21)
FNDA:0,(anonymous_22)
DA:19,2
DA:22,1
DA:23,1
DA:24,1
DA:25,1
DA:26,1
DA:27,1
DA:28,1
DA:29,1
DA:30,1
DA:32,1
DA:33,0
DA:36,1
DA:37,0
DA:38,0
DA:39,0
DA:43,1
DA:44,0
DA:45,0
DA:46,0
DA:51,0
DA:53,0
DA:57,0
DA:58,0
DA:64,0
DA:68,0
DA:71,0
DA:72,0
DA:73,0
DA:78,0
DA:79,0
DA:81,0
DA:90,0
DA:96,0
DA:97,0
DA:103,0
DA:104,0
DA:107,0
DA:112,0
DA:113,0
DA:119,0
DA:120,0
DA:123,0
DA:127,1
DA:128,0
DA:131,0
DA:132,0
DA:134,0
DA:136,0
DA:137,0
DA:140,0
DA:147,1
DA:156,0
DA:165,0
DA:175,0
DA:257,2
LF:56
LH:16
BRDA:23,0,0,1
BRDA:23,0,1,0
BRDA:24,1,0,1
BRDA:24,1,1,0
BRDA:25,2,0,1
BRDA:25,2,1,0
BRDA:36,3,0,1
BRDA:36,3,1,0
BRDA:37,4,0,0
BRDA:37,4,1,0
BRDA:43,5,0,0
BRDA:43,5,1,1
BRDA:53,6,0,0
BRDA:53,6,1,0
BRDA:54,7,0,0
BRDA:54,7,1,0
BRDA:72,8,0,0
BRDA:72,8,1,0
BRDA:82,9,0,0
BRDA:82,9,1,0
BRDA:127,10,0,0
BRDA:127,10,1,1
BRDA:130,11,0,0
BRDA:130,11,1,0
BRDA:136,12,0,0
BRDA:136,12,1,0
BRDA:161,13,0,1
BRDA:161,13,1,0
BRDA:161,13,2,0
BRDA:171,14,0,1
BRDA:171,14,1,0
BRDA:171,14,2,0
BRDA:183,15,0,1
BRDA:183,15,1,0
BRDA:186,16,0,1
BRDA:186,16,1,1
BRDA:188,17,0,1
BRDA:188,17,1,0
BRDA:203,18,0,0
BRDA:203,18,1,1
BRDA:209,19,0,0
BRDA:209,19,1,1
BRDA:215,20,0,0
BRDA:215,20,1,1
BRDA:221,21,0,0
BRDA:221,21,1,1
BRDA:227,22,0,0
BRDA:227,22,1,1
BRDA:229,23,0,0
BRDA:229,23,1,0
BRDA:233,24,0,0
BRDA:233,24,1,1
BRDA:239,25,0,0
BRDA:239,25,1,1
BRDA:263,26,0,2
BRDA:263,26,1,0
BRDA:315,27,0,0
BRDA:315,27,1,2
BRDA:316,28,0,0
BRDA:316,28,1,2
BRDA:317,29,0,0
BRDA:317,29,1,2
BRF:62
BRH:23
end_of_record
TN:
SF:app\screens\Login.js
FN:30,Login
FN:42,(anonymous_1)
FN:46,resetPasswordDialog
FN:52,resetPassword
FN:61,(anonymous_4)
FN:62,(anonymous_5)
FN:73,login
FN:88,(anonymous_7)
FN:101,(anonymous_8)
FN:134,(anonymous_9)
FN:139,(anonymous_10)
FN:155,(anonymous_11)
FN:159,(anonymous_12)
FN:179,(anonymous_13)
FN:180,(anonymous_14)
FN:197,(anonymous_15)
FN:208,(anonymous_16)
FN:221,(anonymous_17)
FN:227,(anonymous_18)
FN:237,(anonymous_19)
FN:248,(anonymous_20)
FN:267,(anonymous_21)
FN:276,(anonymous_22)
FN:286,(anonymous_23)
FN:294,(anonymous_24)
FN:303,(anonymous_25)
FN:313,(anonymous_26)
FNF:27
FNH:3
FNDA:1,Login
FNDA:0,(anonymous_1)
FNDA:0,resetPasswordDialog
FNDA:0,resetPassword
FNDA:0,(anonymous_4)
FNDA:0,(anonymous_5)
FNDA:0,login
FNDA:0,(anonymous_7)
FNDA:0,(anonymous_8)
FNDA:1,(anonymous_9)
FNDA:0,(anonymous_10)
FNDA:1,(anonymous_11)
FNDA:0,(anonymous_12)
FNDA:0,(anonymous_13)
FNDA:0,(anonymous_14)
FNDA:0,(anonymous_15)
FNDA:0,(anonymous_16)
FNDA:0,(anonymous_17)
FNDA:0,(anonymous_18)
FNDA:0,(anonymous_19)
FNDA:0,(anonymous_20)
FNDA:0,(anonymous_21)
FNDA:0,(anonymous_22)
FNDA:0,(anonymous_23)
FNDA:0,(anonymous_24)
FNDA:0,(anonymous_25)
FNDA:0,(anonymous_26)
DA:31,1
DA:32,1
DA:33,1
DA:34,1
DA:35,1
DA:36,1
DA:38,1
DA:39,1
DA:41,1
DA:42,1
DA:43,0
DA:47,0
DA:48,0
DA:49,0
DA:53,0
DA:54,0
DA:57,0
DA:58,0
DA:66,0
DA:69,0
DA:70,0
DA:74,0
DA:75,0
DA:76,0
DA:77,0
DA:78,0
DA:79,0
DA:80,0
DA:81,0
DA:83,0
DA:85,0
DA:89,0
DA:90,0
DA:93,0
DA:94,0
DA:95,0
DA:96,0
DA:98,0
DA:103,0
DA:107,0
DA:108,0
DA:109,0
DA:113,0
DA:114,0
DA:115,0
DA:116,0
DA:119,0
DA:123,1
DA:129,1
DA:134,1
DA:135,1
DA:136,0
DA:138,0
DA:139,0
DA:140,0
DA:141,0
DA:142,0
DA:144,0
DA:146,0
DA:149,0
DA:151,1
DA:155,1
DA:156,1
DA:157,0
DA:158,0
DA:159,0
DA:160,0
DA:161,0
DA:162,0
DA:164,0
DA:166,0
DA:169,0
DA:171,1
DA:175,1
DA:176,0
DA:179,0
DA:185,1
DA:198,0
DA:209,0
DA:222,0
DA:228,0
DA:238,0
DA:249,0
DA:268,0
DA:277,0
DA:287,0
DA:295,0
DA:304,0
DA:305,0
DA:314,0
DA:315,0
DA:327,2
LF:92
LH:21
BRDA:41,0,0,1
BRDA:41,0,1,0
BRDA:52,1,0,0
BRDA:57,2,0,0
BRDA:57,2,1,0
BRDA:57,3,0,0
BRDA:57,3,1,0
BRDA:73,4,0,0
BRDA:73,5,0,0
BRDA:74,6,0,0
BRDA:74,6,1,0
BRDA:78,7,0,0
BRDA:78,7,1,0
BRDA:93,8,0,0
BRDA:93,8,1,0
BRDA:95,9,0,0
BRDA:95,9,1,0
BRDA:103,10,0,0
BRDA:103,10,1,0
BRDA:104,11,0,0
BRDA:104,11,1,0
BRDA:108,12,0,0
BRDA:108,12,1,0
BRDA:123,13,0,1
BRDA:123,13,1,0
BRDA:129,14,0,1
BRDA:129,14,1,0
BRDA:135,15,0,0
BRDA:135,15,1,1
BRDA:140,16,0,0
BRDA:140,16,1,0
BRDA:141,17,0,0
BRDA:141,17,1,0
BRDA:156,18,0,0
BRDA:156,18,1,1
BRDA:160,19,0,0
BRDA:160,19,1,0
BRDA:161,20,0,0
BRDA:161,20,1,0
BRDA:175,21,0,0
BRDA:175,21,1,1
BRDA:257,22,0,1
BRDA:257,22,1,0
BRDA:262,23,0,1
BRDA:262,23,1,1
BRDA:264,24,0,0
BRDA:264,24,1,1
BRF:47
BRH:10
end_of_record
TN:
SF:app\screens\MapViewComponent.js
FN:19,(anonymous_0)
FN:26,(anonymous_1)
FN:30,(anonymous_2)
FN:31,(anonymous_3)
FN:56,(anonymous_4)
FN:95,(anonymous_5)
FN:108,(anonymous_6)
FN:120,(anonymous_7)
FNF:8
FNH:0
FNDA:0,(anonymous_0)
FNDA:0,(anonymous_1)
FNDA:0,(anonymous_2)
FNDA:0,(anonymous_3)
FNDA:0,(anonymous_4)
FNDA:0,(anonymous_5)
FNDA:0,(anonymous_6)
FNDA:0,(anonymous_7)
DA:19,3
DA:21,0
DA:22,0
DA:23,0
DA:24,0
DA:26,0
DA:27,0
DA:30,0
DA:31,0
DA:33,0
DA:34,0
DA:35,0
DA:40,0
DA:43,0
DA:52,0
DA:53,0
DA:56,0
DA:60,0
DA:81,0
DA:82,0
DA:85,0
DA:96,0
DA:109,0
DA:121,0
DA:143,3
LF:25
LH:2
BRDA:34,0,0,0
BRDA:34,0,1,0
BRDA:52,1,0,0
BRDA:52,1,1,0
BRDA:81,2,0,0
BRDA:81,2,1,0
BRDA:81,3,0,0
BRDA:81,3,1,0
BRDA:100,4,0,0
BRDA:100,4,1,0
BRDA:101,5,0,0
BRDA:101,5,1,0
BRF:12
BRH:0
end_of_record
TN:
SF:app\screens\MyKoha.js
FN:17,MyKoha
FN:26,(anonymous_1)
FN:30,(anonymous_2)
FN:38,(anonymous_3)
FN:44,(anonymous_4)
FN:47,(anonymous_5)
FN:66,(anonymous_6)
FN:74,(anonymous_7)
FN:75,(anonymous_8)
FN:91,(anonymous_9)
FN:111,(anonymous_10)
FN:131,(anonymous_11)
FN:151,(anonymous_12)
FN:173,(anonymous_13)
FN:179,(anonymous_14)
FN:201,(anonymous_15)
FNF:16
FNH:1
FNDA:1,MyKoha
FNDA:0,(anonymous_1)
FNDA:0,(anonymous_2)
FNDA:0,(anonymous_3)
FNDA:0,(anonymous_4)
FNDA:0,(anonymous_5)
FNDA:0,(anonymous_6)
FNDA:0,(anonymous_7)
FNDA:0,(anonymous_8)
FNDA:0,(anonymous_9)
FNDA:0,(anonymous_10)
FNDA:0,(anonymous_11)
FNDA:0,(anonymous_12)
FNDA:0,(anonymous_13)
FNDA:0,(anonymous_14)
FNDA:0,(anonymous_15)
DA:18,1
DA:19,1
DA:20,1
DA:21,1
DA:22,1
DA:23,1
DA:24,1
DA:25,1
DA:26,1
DA:27,0
DA:30,1
DA:31,0
DA:32,0
DA:33,0
DA:37,1
DA:38,0
DA:39,0
DA:40,0
DA:41,0
DA:45,0
DA:47,0
DA:48,0
DA:52,0
DA:56,0
DA:63,0
DA:64,0
DA:66,0
DA:70,1
DA:71,0
DA:74,0
DA:79,1
DA:92,0
DA:112,0
DA:132,0
DA:152,0
DA:174,0
DA:180,0
DA:202,0
DA:217,3
LF:39
LH:14
BRDA:30,0,0,1
BRDA:30,0,1,0
BRDA:31,1,0,0
BRDA:31,1,1,0
BRDA:37,2,0,0
BRDA:37,2,1,1
BRDA:43,3,0,0
BRDA:43,3,1,0
BRDA:52,4,0,0
BRDA:52,4,1,0
BRDA:53,5,0,0
BRDA:53,5,1,0
BRDA:70,6,0,0
BRDA:70,6,1,1
BRDA:70,7,0,1
BRDA:70,7,1,0
BRDA:87,8,0,1
BRDA:87,8,1,0
BRDA:97,9,0,1
BRDA:97,9,1,0
BRDA:107,10,0,1
BRDA:107,10,1,0
BRDA:117,11,0,1
BRDA:117,11,1,0
BRDA:127,12,0,1
BRDA:127,12,1,0
BRDA:137,13,0,1
BRDA:137,13,1,0
BRDA:147,14,0,1
BRDA:147,14,1,0
BRDA:157,15,0,1
BRDA:157,15,1,0
BRDA:167,16,0,1
BRDA:167,16,1,1
BRDA:171,17,0,1
BRDA:171,17,1,0
BRDA:171,17,2,0
BRDA:196,18,0,1
BRDA:196,18,1,0
BRDA:196,18,2,0
BRDA:223,19,0,3
BRDA:223,19,1,0
BRF:42
BRH:17
end_of_record
TN:
SF:app\screens\NavBar.js
FN:23,(anonymous_0)
FN:32,NavBar
FN:37,(anonymous_2)
FN:40,(anonymous_3)
FN:48,(anonymous_4)
FN:59,(anonymous_5)
FN:64,(anonymous_6)
FN:74,(anonymous_7)
FN:75,(anonymous_8)
FN:84,(anonymous_9)
FN:85,(anonymous_10)
FN:112,(anonymous_11)
FN:122,(anonymous_12)
FN:136,(anonymous_13)
FN:151,(anonymous_14)
FN:165,(anonymous_15)
FN:180,registerForPushNotificationsAsync
FNF:17
FNH:0
FNDA:0,(anonymous_0)
FNDA:0,NavBar
FNDA:0,(anonymous_2)
FNDA:0,(anonymous_3)
FNDA:0,(anonymous_4)
FNDA:0,(anonymous_5)
FNDA:0,(anonymous_6)
FNDA:0,(anonymous_7)
FNDA:0,(anonymous_8)
FNDA:0,(anonymous_9)
FNDA:0,(anonymous_10)
FNDA:0,(anonymous_11)
FNDA:0,(anonymous_12)
FNDA:0,(anonymous_13)
FNDA:0,(anonymous_14)
FNDA:0,(anonymous_15)
FNDA:0,registerForPushNotificationsAsync
DA:22,2
DA:23,0
DA:30,2
DA:33,0
DA:34,0
DA:36,0
DA:37,0
DA:38,0
DA:40,0
DA:41,0
DA:42,0
DA:43,0
DA:44,0
DA:47,0
DA:48,0
DA:49,0
DA:50,0
DA:51,0
DA:60,0
DA:65,0
DA:73,0
DA:75,0
DA:76,0
DA:80,0
DA:81,0
DA:84,0
DA:89,0
DA:113,0
DA:123,0
DA:137,0
DA:152,0
DA:166,0
DA:182,0
DA:184,0
DA:185,0
DA:186,0
DA:187,0
DA:188,0
DA:190,0
DA:191,0
DA:192,0
DA:194,0
DA:196,0
DA:199,0
DA:200,0
DA:208,0
LF:46
LH:2
BRDA:41,0,0,0
BRDA:41,0,1,0
BRDA:44,1,0,0
BRDA:44,1,1,0
BRDA:47,2,0,0
BRDA:47,2,1,0
BRDA:49,3,0,0
BRDA:49,3,1,0
BRDA:80,4,0,0
BRDA:80,4,1,0
BRDA:182,5,0,0
BRDA:182,5,1,0
BRDA:186,6,0,0
BRDA:186,6,1,0
BRDA:190,7,0,0
BRDA:190,7,1,0
BRDA:199,8,0,0
BRDA:199,8,1,0
BRF:18
BRH:0
end_of_record
TN:
SF:app\screens\NewEssentialListing.js
FN:27,NewEssentialListing
FN:29,(anonymous_1)
FN:70,(anonymous_2)
FN:74,categoryOpened
FN:79,conditionOpened
FN:84,collectionOpened
FN:90,GoBack
FN:95,CheckInput
FN:150,ShowSuccess
FN:162,ClearInput
FN:173,SubmitForm
FN:207,(anonymous_11)
FN:208,(anonymous_12)
FN:219,(anonymous_13)
FN:234,(anonymous_14)
FN:235,(anonymous_15)
FN:237,(anonymous_16)
FN:240,(anonymous_17)
FN:253,(anonymous_18)
FN:257,(anonymous_19)
FN:264,(anonymous_20)
FN:265,(anonymous_21)
FN:281,(anonymous_22)
FN:282,(anonymous_23)
FN:298,(anonymous_24)
FN:305,(anonymous_25)
FN:316,(anonymous_26)
FN:318,(anonymous_27)
FN:319,(anonymous_28)
FN:320,(anonymous_29)
FN:349,(anonymous_30)
FN:350,(anonymous_31)
FN:365,(anonymous_32)
FN:366,(anonymous_33)
FN:379,(anonymous_34)
FN:391,(anonymous_35)
FN:392,(anonymous_36)
FN:423,(anonymous_37)
FN:438,(anonymous_38)
FNF:39
FNH:4
FNDA:1,NewEssentialListing
FNDA:1,(anonymous_1)
FNDA:0,(anonymous_2)
FNDA:0,categoryOpened
FNDA:0,conditionOpened
FNDA:0,collectionOpened
FNDA:0,GoBack
FNDA:0,CheckInput
FNDA:0,ShowSuccess
FNDA:0,ClearInput
FNDA:0,SubmitForm
FNDA:1,(anonymous_11)
FNDA:1,(anonymous_12)
FNDA:0,(anonymous_13)
FNDA:0,(anonymous_14)
FNDA:0,(anonymous_15)
FNDA:0,(anonymous_16)
FNDA:0,(anonymous_17)
FNDA:0,(anonymous_18)
FNDA:0,(anonymous_19)
FNDA:0,(anonymous_20)
FNDA:0,(anonymous_21)
FNDA:0,(anonymous_22)
FNDA:0,(anonymous_23)
FNDA:0,(anonymous_24)
FNDA:0,(anonymous_25)
FNDA:0,(anonymous_26)
FNDA:0,(anonymous_27)
FNDA:0,(anonymous_28)
FNDA:0,(anonymous_29)
FNDA:0,(anonymous_30)
FNDA:0,(anonymous_31)
FNDA:0,(anonymous_32)
FNDA:0,(anonymous_33)
FNDA:0,(anonymous_34)
FNDA:0,(anonymous_35)
FNDA:0,(anonymous_36)
FNDA:0,(anonymous_37)
FNDA:0,(anonymous_38)
DA:29,1
DA:30,1
DA:33,1
DA:34,1
DA:35,1
DA:36,1
DA:37,1
DA:38,1
DA:39,1
DA:40,1
DA:41,1
DA:42,1
DA:43,1
DA:44,1
DA:46,1
DA:47,1
DA:48,1
DA:50,1
DA:59,1
DA:64,1
DA:69,1
DA:70,1
DA:71,0
DA:75,0
DA:76,0
DA:77,0
DA:80,0
DA:81,0
DA:82,0
DA:85,0
DA:86,0
DA:87,0
DA:92,0
DA:105,0
DA:106,0
DA:107,0
DA:109,0
DA:112,0
DA:115,0
DA:119,0
DA:122,0
DA:125,0
DA:128,0
DA:131,0
DA:134,0
DA:136,0
DA:151,0
DA:163,0
DA:164,0
DA:165,0
DA:166,0
DA:167,0
DA:168,0
DA:169,0
DA:170,0
DA:185,0
DA:187,0
DA:200,0
DA:201,0
DA:204,1
DA:205,1
DA:207,1
DA:208,1
DA:209,1
DA:211,1
DA:212,0
DA:213,0
DA:219,1
DA:220,0
DA:227,0
DA:229,0
DA:230,0
DA:234,1
DA:235,0
DA:236,0
DA:237,0
DA:238,0
DA:240,0
DA:241,0
DA:243,0
DA:244,0
DA:245,0
DA:248,0
DA:249,0
DA:251,0
DA:254,0
DA:258,0
DA:259,0
DA:260,0
DA:261,0
DA:265,0
DA:266,0
DA:267,0
DA:268,0
DA:269,0
DA:270,0
DA:271,0
DA:277,1
DA:278,0
DA:281,0
DA:287,1
DA:298,0
DA:305,0
DA:316,0
DA:318,0
DA:319,0
DA:321,0
DA:349,0
DA:350,0
DA:365,0
DA:366,0
DA:379,0
DA:391,0
DA:392,0
DA:424,0
DA:438,0
DA:447,2
LF:117
LH:33
BRDA:34,0,0,1
BRDA:34,0,1,0
BRDA:107,1,0,0
BRDA:107,1,1,0
BRDA:107,1,2,0
BRDA:107,1,3,0
BRDA:107,1,4,0
BRDA:107,1,5,0
BRDA:107,1,6,0
BRDA:107,1,7,0
BRDA:114,2,0,0
BRDA:114,2,1,0
BRDA:124,3,0,0
BRDA:124,3,1,0
BRDA:209,4,0,1
BRDA:209,4,1,0
BRDA:212,5,0,0
BRDA:212,5,1,0
BRDA:229,6,0,0
BRDA:229,6,1,0
BRDA:277,7,0,0
BRDA:277,7,1,1
BRDA:277,8,0,1
BRDA:277,8,1,0
BRDA:290,9,0,0
BRDA:290,9,1,1
BRDA:406,10,0,1
BRDA:406,10,1,0
BRDA:413,11,0,1
BRDA:413,11,1,0
BRF:30
BRH:7
end_of_record
TN:
SF:app\screens\NewEventListing.js
FN:22,NewEventListing
FN:24,(anonymous_1)
FN:40,setDate
FN:45,ConvertDate
FN:62,GoBack
FN:67,CheckInput
FN:106,ShowSuccess
FN:118,ClearInput
FN:126,SubmitForm
FN:162,(anonymous_9)
FN:169,(anonymous_10)
FN:180,(anonymous_11)
FN:182,(anonymous_12)
FN:183,(anonymous_13)
FN:184,(anonymous_14)
FN:212,(anonymous_15)
FN:219,(anonymous_16)
FN:229,(anonymous_17)
FN:240,(anonymous_18)
FN:249,(anonymous_19)
FN:258,(anonymous_20)
FN:264,(anonymous_21)
FNF:22
FNH:3
FNDA:1,NewEventListing
FNDA:1,(anonymous_1)
FNDA:0,setDate
FNDA:1,ConvertDate
FNDA:0,GoBack
FNDA:0,CheckInput
FNDA:0,ShowSuccess
FNDA:0,ClearInput
FNDA:0,SubmitForm
FNDA:0,(anonymous_9)
FNDA:0,(anonymous_10)
FNDA:0,(anonymous_11)
FNDA:0,(anonymous_12)
FNDA:0,(anonymous_13)
FNDA:0,(anonymous_14)
FNDA:0,(anonymous_15)
FNDA:0,(anonymous_16)
FNDA:0,(anonymous_17)
FNDA:0,(anonymous_18)
FNDA:0,(anonymous_19)
FNDA:0,(anonymous_20)
FNDA:0,(anonymous_21)
DA:24,1
DA:25,1
DA:28,1
DA:29,1
DA:30,1
DA:31,1
DA:32,1
DA:33,1
DA:34,1
DA:35,1
DA:36,1
DA:38,1
DA:41,0
DA:42,0
DA:46,1
DA:47,0
DA:49,1
DA:50,1
DA:51,1
DA:64,0
DA:74,0
DA:75,0
DA:76,0
DA:78,0
DA:81,0
DA:84,0
DA:87,0
DA:90,0
DA:93,0
DA:95,0
DA:107,0
DA:119,0
DA:120,0
DA:121,0
DA:122,0
DA:123,0
DA:135,0
DA:137,0
DA:147,0
DA:148,0
DA:151,1
DA:162,0
DA:169,0
DA:180,0
DA:182,0
DA:183,0
DA:185,0
DA:212,0
DA:219,0
DA:229,0
DA:241,0
DA:249,0
DA:259,0
DA:264,0
DA:273,2
LF:55
LH:18
BRDA:29,0,0,1
BRDA:29,0,1,0
BRDA:46,1,0,0
BRDA:46,1,1,1
BRDA:52,2,0,0
BRDA:52,2,1,1
BRDA:54,3,0,0
BRDA:54,3,1,1
BRDA:76,4,0,0
BRDA:76,4,1,0
BRDA:76,4,2,0
BRDA:76,4,3,0
BRDA:76,4,4,0
BRDA:83,5,0,0
BRDA:83,5,1,0
BRDA:86,6,0,0
BRDA:86,6,1,0
BRDA:154,7,0,0
BRDA:154,7,1,1
BRDA:209,8,0,1
BRDA:209,8,1,0
BRDA:226,9,0,1
BRDA:226,9,1,1
BRDA:234,10,0,1
BRDA:234,10,1,1
BRDA:234,10,2,0
BRF:26
BRH:10
end_of_record
TN:
SF:app\screens\NewFoodListing.js
FN:26,NewFoodListing
FN:28,(anonymous_1)
FN:75,categoryOpened
FN:80,allergenOpened
FN:85,collectionOpened
FN:91,setDate
FN:96,ConvertDate
FN:113,GoBack
FN:118,CheckInput
FN:186,ShowSuccess
FN:198,ClearInput
FN:210,SubmitForm
FN:246,(anonymous_12)
FN:247,(anonymous_13)
FN:258,(anonymous_14)
FN:273,(anonymous_15)
FN:274,(anonymous_16)
FN:276,(anonymous_17)
FN:279,(anonymous_18)
FN:292,(anonymous_19)
FN:296,(anonymous_20)
FN:303,(anonymous_21)
FN:304,(anonymous_22)
FN:327,(anonymous_23)
FN:334,(anonymous_24)
FN:344,(anonymous_25)
FN:346,(anonymous_26)
FN:347,(anonymous_27)
FN:348,(anonymous_28)
FN:377,(anonymous_29)
FN:378,(anonymous_30)
FN:394,(anonymous_31)
FN:395,(anonymous_32)
FN:408,(anonymous_33)
FN:418,(anonymous_34)
FN:425,(anonymous_35)
FN:435,(anonymous_36)
FN:446,(anonymous_37)
FN:456,(anonymous_38)
FN:457,(anonymous_39)
FN:488,(anonymous_40)
FN:504,(anonymous_41)
FNF:42
FNH:5
FNDA:1,NewFoodListing
FNDA:1,(anonymous_1)
FNDA:0,categoryOpened
FNDA:0,allergenOpened
FNDA:0,collectionOpened
FNDA:0,setDate
FNDA:1,ConvertDate
FNDA:0,GoBack
FNDA:0,CheckInput
FNDA:0,ShowSuccess
FNDA:0,ClearInput
FNDA:0,SubmitForm
FNDA:1,(anonymous_12)
FNDA:1,(anonymous_13)
FNDA:0,(anonymous_14)
FNDA:0,(anonymous_15)
FNDA:0,(anonymous_16)
FNDA:0,(anonymous_17)
FNDA:0,(anonymous_18)
FNDA:0,(anonymous_19)
FNDA:0,(anonymous_20)
FNDA:0,(anonymous_21)
FNDA:0,(anonymous_22)
FNDA:0,(anonymous_23)
FNDA:0,(anonymous_24)
FNDA:0,(anonymous_25)
FNDA:0,(anonymous_26)
FNDA:0,(anonymous_27)
FNDA:0,(anonymous_28)
FNDA:0,(anonymous_29)
FNDA:0,(anonymous_30)
FNDA:0,(anonymous_31)
FNDA:0,(anonymous_32)
FNDA:0,(anonymous_33)
FNDA:0,(anonymous_34)
FNDA:0,(anonymous_35)
FNDA:0,(anonymous_36)
FNDA:0,(anonymous_37)
FNDA:0,(anonymous_38)
FNDA:0,(anonymous_39)
FNDA:0,(anonymous_40)
FNDA:0,(anonymous_41)
DA:28,1
DA:29,1
DA:32,1
DA:33,1
DA:34,1
DA:35,1
DA:36,1
DA:37,1
DA:38,1
DA:39,1
DA:40,1
DA:41,1
DA:42,1
DA:43,1
DA:44,1
DA:46,1
DA:47,1
DA:48,1
DA:49,1
DA:51,1
DA:61,1
DA:70,1
DA:76,0
DA:77,0
DA:78,0
DA:81,0
DA:82,0
DA:83,0
DA:86,0
DA:87,0
DA:88,0
DA:92,0
DA:93,0
DA:97,1
DA:98,0
DA:100,1
DA:101,1
DA:102,1
DA:115,0
DA:129,0
DA:130,0
DA:131,0
DA:133,0
DA:136,0
DA:139,0
DA:151,0
DA:154,0
DA:157,0
DA:160,0
DA:163,0
DA:166,0
DA:169,0
DA:171,0
DA:187,0
DA:199,0
DA:200,0
DA:201,0
DA:202,0
DA:203,0
DA:204,0
DA:205,0
DA:206,0
DA:207,0
DA:223,0
DA:225,0
DA:239,0
DA:240,0
DA:243,1
DA:244,1
DA:246,1
DA:247,1
DA:248,1
DA:250,1
DA:251,0
DA:252,0
DA:258,1
DA:259,0
DA:266,0
DA:268,0
DA:269,0
DA:273,1
DA:274,0
DA:275,0
DA:276,0
DA:277,0
DA:279,0
DA:280,0
DA:282,0
DA:283,0
DA:284,0
DA:287,0
DA:288,0
DA:290,0
DA:293,0
DA:297,0
DA:298,0
DA:299,0
DA:300,0
DA:304,0
DA:305,0
DA:306,0
DA:307,0
DA:308,0
DA:309,0
DA:310,0
DA:316,1
DA:327,0
DA:334,0
DA:344,0
DA:346,0
DA:347,0
DA:349,0
DA:377,0
DA:378,0
DA:394,0
DA:395,0
DA:408,0
DA:418,0
DA:425,0
DA:435,0
DA:447,0
DA:456,0
DA:457,0
DA:489,0
DA:504,0
DA:513,2
LF:126
LH:36
BRDA:33,0,0,1
BRDA:33,0,1,0
BRDA:97,1,0,0
BRDA:97,1,1,1
BRDA:103,2,0,0
BRDA:103,2,1,1
BRDA:105,3,0,0
BRDA:105,3,1,1
BRDA:131,4,0,0
BRDA:131,4,1,0
BRDA:131,4,2,0
BRDA:131,4,3,0
BRDA:131,4,4,0
BRDA:131,4,5,0
BRDA:131,4,6,0
BRDA:131,4,7,0
BRDA:131,4,8,0
BRDA:138,5,0,0
BRDA:138,5,1,0
BRDA:156,6,0,0
BRDA:156,6,1,0
BRDA:248,7,0,1
BRDA:248,7,1,0
BRDA:251,8,0,0
BRDA:251,8,1,0
BRDA:268,9,0,0
BRDA:268,9,1,0
BRDA:319,10,0,0
BRDA:319,10,1,1
BRDA:415,11,0,1
BRDA:415,11,1,0
BRDA:432,12,0,1
BRDA:432,12,1,1
BRDA:440,13,0,1
BRDA:440,13,1,1
BRDA:440,13,2,0
BRDA:471,14,0,1
BRDA:471,14,1,0
BRDA:478,15,0,1
BRDA:478,15,1,0
BRF:40
BRH:13
end_of_record
TN:
SF:app\screens\NewServiceListing.js
FN:23,NewEventListing
FN:25,(anonymous_1)
FN:51,categoryOpened
FN:55,setDate
FN:60,ConvertDate
FN:77,GoBack
FN:82,CheckInput
FN:122,ShowSuccess
FN:134,ClearInput
FN:142,SubmitForm
FN:178,(anonymous_10)
FN:185,(anonymous_11)
FN:196,(anonymous_12)
FN:198,(anonymous_13)
FN:199,(anonymous_14)
FN:200,(anonymous_15)
FN:233,(anonymous_16)
FN:240,(anonymous_17)
FN:250,(anonymous_18)
FN:261,(anonymous_19)
FN:272,(anonymous_20)
FN:273,(anonymous_21)
FN:286,(anonymous_22)
FN:292,(anonymous_23)
FNF:24
FNH:3
FNDA:1,NewEventListing
FNDA:1,(anonymous_1)
FNDA:0,categoryOpened
FNDA:0,setDate
FNDA:1,ConvertDate
FNDA:0,GoBack
FNDA:0,CheckInput
FNDA:0,ShowSuccess
FNDA:0,ClearInput
FNDA:0,SubmitForm
FNDA:0,(anonymous_10)
FNDA:0,(anonymous_11)
FNDA:0,(anonymous_12)
FNDA:0,(anonymous_13)
FNDA:0,(anonymous_14)
FNDA:0,(anonymous_15)
FNDA:0,(anonymous_16)
FNDA:0,(anonymous_17)
FNDA:0,(anonymous_18)
FNDA:0,(anonymous_19)
FNDA:0,(anonymous_20)
FNDA:0,(anonymous_21)
FNDA:0,(anonymous_22)
FNDA:0,(anonymous_23)
DA:25,1
DA:26,1
DA:29,1
DA:30,1
DA:31,1
DA:32,1
DA:33,1
DA:34,1
DA:35,1
DA:36,1
DA:37,1
DA:39,1
DA:40,1
DA:42,1
DA:52,0
DA:56,0
DA:57,0
DA:61,1
DA:62,0
DA:64,1
DA:65,1
DA:66,1
DA:79,0
DA:89,0
DA:90,0
DA:91,0
DA:93,0
DA:96,0
DA:99,0
DA:102,0
DA:106,0
DA:109,0
DA:111,0
DA:123,0
DA:135,0
DA:136,0
DA:137,0
DA:138,0
DA:139,0
DA:151,0
DA:153,0
DA:163,0
DA:164,0
DA:167,1
DA:178,0
DA:185,0
DA:196,0
DA:198,0
DA:199,0
DA:201,0
DA:233,0
DA:240,0
DA:250,0
DA:262,0
DA:272,0
DA:273,0
DA:287,0
DA:292,0
DA:301,2
LF:59
LH:20
BRDA:30,0,0,1
BRDA:30,0,1,0
BRDA:61,1,0,0
BRDA:61,1,1,1
BRDA:67,2,0,0
BRDA:67,2,1,1
BRDA:69,3,0,0
BRDA:69,3,1,1
BRDA:91,4,0,0
BRDA:91,4,1,0
BRDA:91,4,2,0
BRDA:91,4,3,0
BRDA:91,4,4,0
BRDA:98,5,0,0
BRDA:98,5,1,0
BRDA:170,6,0,0
BRDA:170,6,1,1
BRDA:230,7,0,1
BRDA:230,7,1,0
BRDA:247,8,0,1
BRDA:247,8,1,1
BRDA:255,9,0,1
BRDA:255,9,1,1
BRDA:255,9,2,0
BRF:24
BRH:10
end_of_record
TN:
SF:app\screens\Notification.js
FN:18,Notification
FN:23,(anonymous_1)
FN:27,(anonymous_2)
FN:34,DeleteNotification
FN:39,(anonymous_4)
FN:42,(anonymous_5)
FN:47,DeleteAllNotifications
FN:52,(anonymous_7)
FN:53,(anonymous_8)
FN:61,(anonymous_9)
FN:67,(anonymous_10)
FN:69,(anonymous_11)
FN:78,(anonymous_12)
FN:86,(anonymous_13)
FN:87,(anonymous_14)
FN:100,(anonymous_15)
FN:115,(anonymous_16)
FN:130,(anonymous_17)
FNF:18
FNH:1
FNDA:1,Notification
FNDA:0,(anonymous_1)
FNDA:0,(anonymous_2)
FNDA:0,DeleteNotification
FNDA:0,(anonymous_4)
FNDA:0,(anonymous_5)
FNDA:0,DeleteAllNotifications
FNDA:0,(anonymous_7)
FNDA:0,(anonymous_8)
FNDA:0,(anonymous_9)
FNDA:0,(anonymous_10)
FNDA:0,(anonymous_11)
FNDA:0,(anonymous_12)
FNDA:0,(anonymous_13)
FNDA:0,(anonymous_14)
FNDA:0,(anonymous_15)
FNDA:0,(anonymous_16)
FNDA:0,(anonymous_17)
DA:19,1
DA:20,1
DA:21,1
DA:22,1
DA:23,1
DA:24,0
DA:27,1
DA:28,0
DA:29,0
DA:30,0
DA:35,0
DA:36,0
DA:40,0
DA:43,0
DA:48,0
DA:49,0
DA:52,0
DA:53,0
DA:54,0
DA:57,0
DA:60,1
DA:61,0
DA:62,0
DA:63,0
DA:64,0
DA:68,0
DA:69,0
DA:70,0
DA:75,0
DA:76,0
DA:78,0
DA:82,1
DA:83,0
DA:86,0
DA:91,1
DA:101,0
DA:116,0
DA:131,0
DA:153,3
LF:39
LH:10
BRDA:19,0,0,1
BRDA:19,0,1,0
BRDA:27,1,0,1
BRDA:27,1,1,0
BRDA:28,2,0,0
BRDA:28,2,1,0
BRDA:60,3,0,0
BRDA:60,3,1,1
BRDA:66,4,0,0
BRDA:66,4,1,0
BRDA:82,5,0,0
BRDA:82,5,1,1
BRDA:82,6,0,1
BRDA:82,6,1,0
BRDA:96,7,0,1
BRDA:96,7,1,0
BRDA:109,8,0,1
BRDA:109,8,1,0
BRDA:113,9,0,1
BRDA:113,9,1,1
BRDA:113,9,2,0
BRDA:142,10,0,1
BRDA:142,10,1,1
BRDA:142,10,2,1
BRDA:159,11,0,3
BRDA:159,11,1,0
BRF:26
BRH:13
end_of_record
TN:
SF:app\screens\Profile.js
FN:23,Profile
FN:42,(anonymous_1)
FN:46,saveInfo
FN:53,(anonymous_3)
FN:70,(anonymous_4)
FN:83,(anonymous_5)
FN:93,(anonymous_6)
FN:97,(anonymous_7)
FN:128,changePassword
FN:140,(anonymous_9)
FN:144,(anonymous_10)
FN:161,(anonymous_11)
FN:190,(anonymous_12)
FN:191,(anonymous_13)
FN:202,(anonymous_14)
FN:213,(anonymous_15)
FN:226,(anonymous_16)
FN:232,(anonymous_17)
FN:242,(anonymous_18)
FN:250,(anonymous_19)
FN:259,(anonymous_20)
FN:281,(anonymous_21)
FN:339,(anonymous_22)
FN:345,(anonymous_23)
FN:363,(anonymous_24)
FN:373,(anonymous_25)
FN:381,(anonymous_26)
FN:389,(anonymous_27)
FNF:28
FNH:1
FNDA:1,Profile
FNDA:0,(anonymous_1)
FNDA:0,saveInfo
FNDA:0,(anonymous_3)
FNDA:0,(anonymous_4)
FNDA:0,(anonymous_5)
FNDA:0,(anonymous_6)
FNDA:0,(anonymous_7)
FNDA:0,changePassword
FNDA:0,(anonymous_9)
FNDA:0,(anonymous_10)
FNDA:0,(anonymous_11)
FNDA:0,(anonymous_12)
FNDA:0,(anonymous_13)
FNDA:0,(anonymous_14)
FNDA:0,(anonymous_15)
FNDA:0,(anonymous_16)
FNDA:0,(anonymous_17)
FNDA:0,(anonymous_18)
FNDA:0,(anonymous_19)
FNDA:0,(anonymous_20)
FNDA:0,(anonymous_21)
FNDA:0,(anonymous_22)
FNDA:0,(anonymous_23)
FNDA:0,(anonymous_24)
FNDA:0,(anonymous_25)
FNDA:0,(anonymous_26)
FNDA:0,(anonymous_27)
DA:24,1
DA:25,1
DA:26,1
DA:27,1
DA:28,1
DA:29,1
DA:30,1
DA:31,1
DA:33,1
DA:35,1
DA:36,1
DA:37,1
DA:38,1
DA:39,1
DA:41,1
DA:42,1
DA:43,0
DA:47,0
DA:48,0
DA:49,0
DA:54,0
DA:55,0
DA:56,0
DA:57,0
DA:58,0
DA:61,0
DA:62,0
DA:71,0
DA:74,0
DA:75,0
DA:76,0
DA:77,0
DA:80,0
DA:81,0
DA:84,0
DA:85,0
DA:94,0
DA:98,0
DA:99,0
DA:100,0
DA:103,0
DA:104,0
DA:105,0
DA:106,0
DA:107,0
DA:109,0
DA:114,0
DA:115,0
DA:116,0
DA:117,0
DA:119,0
DA:120,0
DA:121,0
DA:122,0
DA:125,0
DA:129,0
DA:130,0
DA:131,0
DA:132,0
DA:133,0
DA:134,0
DA:135,0
DA:138,0
DA:141,0
DA:142,0
DA:145,0
DA:146,0
DA:147,0
DA:150,0
DA:151,0
DA:152,0
DA:155,0
DA:156,0
DA:157,0
DA:158,0
DA:161,1
DA:162,0
DA:163,0
DA:164,0
DA:165,0
DA:166,0
DA:167,0
DA:168,0
DA:169,0
DA:170,0
DA:176,1
DA:183,1
DA:184,1
DA:186,1
DA:187,0
DA:190,0
DA:195,1
DA:203,0
DA:214,0
DA:227,0
DA:233,0
DA:243,0
DA:251,0
DA:260,0
DA:282,0
DA:339,0
DA:346,0
DA:347,0
DA:364,0
DA:373,0
DA:382,0
DA:390,0
DA:391,0
DA:392,0
DA:404,3
LF:110
LH:23
BRDA:47,0,0,0
BRDA:47,0,1,0
BRDA:48,1,0,0
BRDA:48,1,1,0
BRDA:80,2,0,0
BRDA:80,2,1,0
BRDA:99,3,0,0
BRDA:99,3,1,0
BRDA:129,4,0,0
BRDA:129,4,1,0
BRDA:146,5,0,0
BRDA:146,5,1,0
BRDA:161,6,0,1
BRDA:161,6,1,0
BRDA:162,7,0,0
BRDA:162,7,1,0
BRDA:165,8,0,0
BRDA:165,8,1,0
BRDA:177,9,0,0
BRDA:177,9,1,1
BRDA:180,10,0,0
BRDA:180,10,1,1
BRDA:183,11,0,1
BRDA:183,11,1,0
BRDA:186,12,0,0
BRDA:186,12,1,1
BRDA:186,13,0,1
BRDA:186,13,1,0
BRDA:269,14,0,1
BRDA:269,14,1,0
BRDA:269,14,2,0
BRDA:275,15,0,1
BRDA:275,15,1,1
BRDA:275,15,2,0
BRDA:275,15,3,0
BRDA:306,16,0,0
BRDA:306,16,1,0
BRDA:355,17,0,1
BRDA:355,17,1,1
BRDA:355,17,2,0
BRDA:355,17,3,0
BRDA:415,18,0,3
BRDA:415,18,1,0
BRF:43
BRH:12
end_of_record
TN:
SF:app\screens\Splash.js
FN:20,Splash
FN:22,(anonymous_1)
FN:27,(anonymous_2)
FN:53,(anonymous_3)
FN:58,(anonymous_4)
FN:97,registerForPushNotificationsAsync
FNF:6
FNH:2
FNDA:2,Splash
FNDA:0,(anonymous_1)
FNDA:0,(anonymous_2)
FNDA:0,(anonymous_3)
FNDA:0,(anonymous_4)
FNDA:2,registerForPushNotificationsAsync
DA:21,2
DA:22,2
DA:23,0
DA:27,2
DA:28,0
DA:29,0
DA:30,0
DA:31,0
DA:32,0
DA:33,0
DA:34,0
DA:38,0
DA:39,0
DA:54,0
DA:58,0
DA:59,0
DA:60,0
DA:62,0
DA:65,2
DA:78,2
DA:99,2
DA:101,2
DA:102,0
DA:103,0
DA:104,0
DA:105,0
DA:107,0
DA:108,0
DA:109,0
DA:111,0
DA:113,0
DA:116,0
DA:117,0
DA:125,0
LF:34
LH:7
BRDA:21,0,0,2
BRDA:21,0,1,0
BRDA:27,1,0,2
BRDA:27,1,1,0
BRDA:29,2,0,0
BRDA:29,2,1,0
BRDA:31,3,0,0
BRDA:31,3,1,0
BRDA:33,4,0,0
BRDA:33,4,1,0
BRDA:46,5,0,0
BRDA:46,5,1,0
BRDA:99,6,0,2
BRDA:99,6,1,0
BRDA:103,7,0,0
BRDA:103,7,1,0
BRDA:107,8,0,0
BRDA:107,8,1,0
BRDA:116,9,0,0
BRDA:116,9,1,0
BRF:20
BRH:3
end_of_record
TN:
SF:app\screens\UserTypeScreen.js
FN:22,UserTypeScreen
FN:24,(anonymous_1)
FN:30,(anonymous_2)
FN:31,(anonymous_3)
FN:42,(anonymous_4)
FN:43,(anonymous_5)
FN:59,(anonymous_6)
FN:71,(anonymous_7)
FN:83,(anonymous_8)
FN:95,(anonymous_9)
FNF:10
FNH:1
FNDA:1,UserTypeScreen
FNDA:0,(anonymous_1)
FNDA:0,(anonymous_2)
FNDA:0,(anonymous_3)
FNDA:0,(anonymous_4)
FNDA:0,(anonymous_5)
FNDA:0,(anonymous_6)
FNDA:0,(anonymous_7)
FNDA:0,(anonymous_8)
FNDA:0,(anonymous_9)
DA:23,1
DA:24,1
DA:25,0
DA:28,1
DA:29,0
DA:31,0
DA:32,0
DA:38,1
DA:39,0
DA:42,0
DA:48,1
DA:60,0
DA:61,0
DA:64,0
DA:72,0
DA:73,0
DA:76,0
DA:84,0
DA:85,0
DA:88,0
DA:96,0
DA:97,0
DA:107,2
LF:23
LH:6
BRDA:28,0,0,0
BRDA:28,0,1,1
BRDA:38,1,0,0
BRDA:38,1,1,1
BRDA:38,2,0,1
BRDA:38,2,1,0
BRF:6
BRH:3
end_of_record
TN:
SF:app\screens\VerifyEmail.js
FN:19,VerifyEmail
FN:28,(anonymous_1)
FN:34,(anonymous_2)
FN:47,resendEmail
FN:48,(anonymous_4)
FN:61,(anonymous_5)
FN:86,(anonymous_6)
FN:97,(anonymous_7)
FN:111,(anonymous_8)
FN:141,(anonymous_9)
FNF:10
FNH:1
FNDA:1,VerifyEmail
FNDA:0,(anonymous_1)
FNDA:0,(anonymous_2)
FNDA:0,resendEmail
FNDA:0,(anonymous_4)
FNDA:0,(anonymous_5)
FNDA:0,(anonymous_6)
FNDA:0,(anonymous_7)
FNDA:0,(anonymous_8)
FNDA:0,(anonymous_9)
DA:20,1
DA:21,1
DA:22,1
DA:23,1
DA:24,1
DA:25,1
DA:26,1
DA:28,1
DA:29,0
DA:30,0
DA:31,0
DA:32,0
DA:34,0
DA:35,0
DA:36,0
DA:37,0
DA:38,0
DA:39,0
DA:41,0
DA:48,0
DA:49,0
DA:50,0
DA:51,0
DA:54,0
DA:57,0
DA:60,0
DA:61,0
DA:62,0
DA:63,0
DA:68,1
DA:75,1
DA:76,1
DA:79,1
DA:87,0
DA:98,0
DA:112,0
DA:113,0
DA:142,0
DA:143,0
DA:154,2
LF:40
LH:13
BRDA:20,0,0,1
BRDA:20,0,1,0
BRDA:28,1,0,1
BRDA:28,1,1,0
BRDA:29,2,0,0
BRDA:29,2,1,0
BRDA:35,3,0,0
BRDA:35,3,1,0
BRDA:75,4,0,1
BRDA:75,4,1,0
BRDA:107,5,0,1
BRDA:107,5,1,0
BRDA:128,6,0,1
BRDA:128,6,1,0
BRDA:137,7,0,1
BRDA:137,7,1,1
BRF:16
BRH:7
end_of_record
